This is pdfTeX, Version 3.141592653-2.6-1.40.26 (TeX Live 2024) (preloaded format=pdflatex 2024.12.16)  16 DEC 2024 19:53
entering extended mode
 restricted \write18 enabled.
 file:line:error style messages enabled.
 %&-line parsing enabled.
**c:/Users/juans/Documents/GitHub/latex-presentation/presentation.tex
(c:/Users/juans/Documents/GitHub/latex-presentation/presentation.tex
LaTeX2e <2024-11-01> patch level 1
L3 programming layer <2024-11-02>
(c:/texlive/2024/texmf-dist/tex/latex/beamer/beamer.cls
Document Class: beamer 2024/01/06 v3.71 A class for typesetting presentations
(c:/texlive/2024/texmf-dist/tex/latex/beamer/beamerbasemodes.sty (c:/texlive/2024/texmf-dist/tex/latex/etoolbox/etoolbox.sty
Package: etoolbox 2020/10/05 v2.5k e-TeX tools for LaTeX (JAW)
\etb@tempcnta=\count196
)
\beamer@tempbox=\box52
\beamer@tempcount=\count197
\c@beamerpauses=\count198
 (c:/texlive/2024/texmf-dist/tex/latex/beamer/beamerbasedecode.sty
\beamer@slideinframe=\count199
\beamer@minimum=\count266
\beamer@decode@box=\box53
)
\beamer@commentbox=\box54
\beamer@modecount=\count267
) (c:/texlive/2024/texmf-dist/tex/generic/iftex/iftex.sty
Package: iftex 2024/12/12 v1.0g TeX engine tests
)
\headdp=\dimen141
\footheight=\dimen142
\sidebarheight=\dimen143
\beamer@tempdim=\dimen144
\beamer@finalheight=\dimen145
\beamer@animht=\dimen146
\beamer@animdp=\dimen147
\beamer@animwd=\dimen148
\beamer@leftmargin=\dimen149
\beamer@rightmargin=\dimen150
\beamer@leftsidebar=\dimen151
\beamer@rightsidebar=\dimen152
\beamer@boxsize=\dimen153
\beamer@vboxoffset=\dimen154
\beamer@descdefault=\dimen155
\beamer@descriptionwidth=\dimen156
\beamer@lastskip=\skip49
\beamer@areabox=\box55
\beamer@animcurrent=\box56
\beamer@animshowbox=\box57
\beamer@sectionbox=\box58
\beamer@logobox=\box59
\beamer@linebox=\box60
\beamer@sectioncount=\count268
\beamer@subsubsectionmax=\count269
\beamer@subsectionmax=\count270
\beamer@sectionmax=\count271
\beamer@totalheads=\count272
\beamer@headcounter=\count273
\beamer@partstartpage=\count274
\beamer@sectionstartpage=\count275
\beamer@subsectionstartpage=\count276
\beamer@animationtempa=\count277
\beamer@animationtempb=\count278
\beamer@xpos=\count279
\beamer@ypos=\count280
\beamer@ypos@offset=\count281
\beamer@showpartnumber=\count282
\beamer@currentsubsection=\count283
\beamer@coveringdepth=\count284
\beamer@sectionadjust=\count285
\beamer@toclastsection=\count286
\beamer@tocsectionnumber=\count287
 (c:/texlive/2024/texmf-dist/tex/latex/beamer/beamerbaseoptions.sty (c:/texlive/2024/texmf-dist/tex/latex/graphics/keyval.sty
Package: keyval 2022/05/29 v1.15 key=value parser (DPC)
\KV@toks@=\toks17
))
\beamer@paperwidth=\skip50
\beamer@paperheight=\skip51
 (c:/texlive/2024/texmf-dist/tex/latex/geometry/geometry.sty
Package: geometry 2020/01/02 v5.9 Page Geometry
 (c:/texlive/2024/texmf-dist/tex/generic/iftex/ifvtex.sty
Package: ifvtex 2019/10/25 v1.7 ifvtex legacy package. Use iftex instead.
)
\Gm@cnth=\count288
\Gm@cntv=\count289
\c@Gm@tempcnt=\count290
\Gm@bindingoffset=\dimen157
\Gm@wd@mp=\dimen158
\Gm@odd@mp=\dimen159
\Gm@even@mp=\dimen160
\Gm@layoutwidth=\dimen161
\Gm@layoutheight=\dimen162
\Gm@layouthoffset=\dimen163
\Gm@layoutvoffset=\dimen164
\Gm@dimlist=\toks18
) (c:/texlive/2024/texmf-dist/tex/latex/pgf/math/pgfmath.sty (c:/texlive/2024/texmf-dist/tex/latex/pgf/utilities/pgfrcs.sty (c:/texlive/2024/texmf-dist/tex/generic/pgf/utilities/pgfutil-common.tex
\pgfutil@everybye=\toks19
\pgfutil@tempdima=\dimen165
\pgfutil@tempdimb=\dimen166
) (c:/texlive/2024/texmf-dist/tex/generic/pgf/utilities/pgfutil-latex.def
\pgfutil@abb=\box61
) (c:/texlive/2024/texmf-dist/tex/generic/pgf/utilities/pgfrcs.code.tex (c:/texlive/2024/texmf-dist/tex/generic/pgf/pgf.revision.tex)
Package: pgfrcs 2023-01-15 v3.1.10 (3.1.10)
)) (c:/texlive/2024/texmf-dist/tex/latex/pgf/utilities/pgfkeys.sty (c:/texlive/2024/texmf-dist/tex/generic/pgf/utilities/pgfkeys.code.tex
\pgfkeys@pathtoks=\toks20
\pgfkeys@temptoks=\toks21
 (c:/texlive/2024/texmf-dist/tex/generic/pgf/utilities/pgfkeyslibraryfiltered.code.tex
\pgfkeys@tmptoks=\toks22
))) (c:/texlive/2024/texmf-dist/tex/generic/pgf/math/pgfmath.code.tex (c:/texlive/2024/texmf-dist/tex/generic/pgf/math/pgfmathutil.code.tex
\pgf@x=\dimen167
\pgf@xa=\dimen168
\pgf@xb=\dimen169
\pgf@xc=\dimen170
\pgf@y=\dimen171
\pgf@ya=\dimen172
\pgf@yb=\dimen173
\pgf@yc=\dimen174
\c@pgf@counta=\count291
\c@pgf@countb=\count292
\c@pgf@countc=\count293
\c@pgf@countd=\count294
) (c:/texlive/2024/texmf-dist/tex/generic/pgf/math/pgfmathparser.code.tex
\pgfmath@dimen=\dimen175
\pgfmath@count=\count295
\pgfmath@box=\box62
\pgfmath@toks=\toks23
\pgfmath@stack@operand=\toks24
\pgfmath@stack@operation=\toks25
) (c:/texlive/2024/texmf-dist/tex/generic/pgf/math/pgfmathfunctions.code.tex) (c:/texlive/2024/texmf-dist/tex/generic/pgf/math/pgfmathfunctions.basic.code.tex) (c:/texlive/2024/texmf-dist/tex/generic/pgf/math/pgfmathfunctions.trigonometric.code.tex) (c:/texlive/2024/texmf-dist/tex/generic/pgf/math/pgfmathfunctions.random.code.tex) (c:/texlive/2024/texmf-dist/tex/generic/pgf/math/pgfmathfunctions.comparison.code.tex) (c:/texlive/2024/texmf-dist/tex/generic/pgf/math/pgfmathfunctions.base.code.tex) (c:/texlive/2024/texmf-dist/tex/generic/pgf/math/pgfmathfunctions.round.code.tex) (c:/texlive/2024/texmf-dist/tex/generic/pgf/math/pgfmathfunctions.misc.code.tex) (c:/texlive/2024/texmf-dist/tex/generic/pgf/math/pgfmathfunctions.integerarithmetics.code.tex) (c:/texlive/2024/texmf-dist/tex/generic/pgf/math/pgfmathcalc.code.tex) (c:/texlive/2024/texmf-dist/tex/generic/pgf/math/pgfmathfloat.code.tex
\c@pgfmathroundto@lastzeros=\count296
))) (c:/texlive/2024/texmf-dist/tex/latex/base/size11.clo
File: size11.clo 2024/06/29 v1.4n Standard LaTeX file (size option)
) (c:/texlive/2024/texmf-dist/tex/latex/pgf/basiclayer/pgfcore.sty (c:/texlive/2024/texmf-dist/tex/latex/graphics/graphicx.sty
Package: graphicx 2021/09/16 v1.2d Enhanced LaTeX Graphics (DPC,SPQR)
 (c:/texlive/2024/texmf-dist/tex/latex/graphics/graphics.sty
Package: graphics 2024/08/06 v1.4g Standard LaTeX Graphics (DPC,SPQR)
 (c:/texlive/2024/texmf-dist/tex/latex/graphics/trig.sty
Package: trig 2023/12/02 v1.11 sin cos tan (DPC)
) (c:/texlive/2024/texmf-dist/tex/latex/graphics-cfg/graphics.cfg
File: graphics.cfg 2016/06/04 v1.11 sample graphics configuration
)
Package graphics Info: Driver file: pdftex.def on input line 106.
 (c:/texlive/2024/texmf-dist/tex/latex/graphics-def/pdftex.def
File: pdftex.def 2024/04/13 v1.2c Graphics/color driver for pdftex
))
\Gin@req@height=\dimen176
\Gin@req@width=\dimen177
) (c:/texlive/2024/texmf-dist/tex/latex/pgf/systemlayer/pgfsys.sty (c:/texlive/2024/texmf-dist/tex/generic/pgf/systemlayer/pgfsys.code.tex
Package: pgfsys 2023-01-15 v3.1.10 (3.1.10)
\pgf@x=\dimen178
\pgf@y=\dimen179
\pgf@xa=\dimen180
\pgf@ya=\dimen181
\pgf@xb=\dimen182
\pgf@yb=\dimen183
\pgf@xc=\dimen184
\pgf@yc=\dimen185
\pgf@xd=\dimen186
\pgf@yd=\dimen187
\w@pgf@writea=\write3
\r@pgf@reada=\read2
\c@pgf@counta=\count297
\c@pgf@countb=\count298
\c@pgf@countc=\count299
\c@pgf@countd=\count300
\t@pgf@toka=\toks26
\t@pgf@tokb=\toks27
\t@pgf@tokc=\toks28
\pgf@sys@id@count=\count301
 (c:/texlive/2024/texmf-dist/tex/generic/pgf/systemlayer/pgf.cfg
File: pgf.cfg 2023-01-15 v3.1.10 (3.1.10)
)
Driver file for pgf: pgfsys-pdftex.def
 (c:/texlive/2024/texmf-dist/tex/generic/pgf/systemlayer/pgfsys-pdftex.def
File: pgfsys-pdftex.def 2023-01-15 v3.1.10 (3.1.10)
 (c:/texlive/2024/texmf-dist/tex/generic/pgf/systemlayer/pgfsys-common-pdf.def
File: pgfsys-common-pdf.def 2023-01-15 v3.1.10 (3.1.10)
))) (c:/texlive/2024/texmf-dist/tex/generic/pgf/systemlayer/pgfsyssoftpath.code.tex
File: pgfsyssoftpath.code.tex 2023-01-15 v3.1.10 (3.1.10)
\pgfsyssoftpath@smallbuffer@items=\count302
\pgfsyssoftpath@bigbuffer@items=\count303
) (c:/texlive/2024/texmf-dist/tex/generic/pgf/systemlayer/pgfsysprotocol.code.tex
File: pgfsysprotocol.code.tex 2023-01-15 v3.1.10 (3.1.10)
)) (c:/texlive/2024/texmf-dist/tex/latex/xcolor/xcolor.sty
Package: xcolor 2024/09/29 v3.02 LaTeX color extensions (UK)
 (c:/texlive/2024/texmf-dist/tex/latex/graphics-cfg/color.cfg
File: color.cfg 2016/01/02 v1.6 sample color configuration
)

Package xcolor Warning: Package option `hyperref' is obsolete and ignored on input line 265.

Package xcolor Info: Driver file: pdftex.def on input line 274.
(c:/texlive/2024/texmf-dist/tex/latex/graphics/mathcolor.ltx)
Package xcolor Info: Model `cmy' substituted by `cmy0' on input line 1349.
Package xcolor Info: Model `hsb' substituted by `rgb' on input line 1353.
Package xcolor Info: Model `RGB' extended on input line 1365.
Package xcolor Info: Model `HTML' substituted by `rgb' on input line 1367.
Package xcolor Info: Model `Hsb' substituted by `hsb' on input line 1368.
Package xcolor Info: Model `tHsb' substituted by `hsb' on input line 1369.
Package xcolor Info: Model `HSB' substituted by `hsb' on input line 1370.
Package xcolor Info: Model `Gray' substituted by `gray' on input line 1371.
Package xcolor Info: Model `wave' substituted by `hsb' on input line 1372.
) (c:/texlive/2024/texmf-dist/tex/latex/graphics/dvipsnam.def
File: dvipsnam.def 2016/06/17 v3.0m Driver-dependent file (DPC,SPQR)
) (c:/texlive/2024/texmf-dist/tex/generic/pgf/basiclayer/pgfcore.code.tex
Package: pgfcore 2023-01-15 v3.1.10 (3.1.10)
 (c:/texlive/2024/texmf-dist/tex/generic/pgf/math/pgfint.code.tex) (c:/texlive/2024/texmf-dist/tex/generic/pgf/basiclayer/pgfcorepoints.code.tex
File: pgfcorepoints.code.tex 2023-01-15 v3.1.10 (3.1.10)
\pgf@picminx=\dimen188
\pgf@picmaxx=\dimen189
\pgf@picminy=\dimen190
\pgf@picmaxy=\dimen191
\pgf@pathminx=\dimen192
\pgf@pathmaxx=\dimen193
\pgf@pathminy=\dimen194
\pgf@pathmaxy=\dimen195
\pgf@xx=\dimen196
\pgf@xy=\dimen197
\pgf@yx=\dimen198
\pgf@yy=\dimen199
\pgf@zx=\dimen256
\pgf@zy=\dimen257
) (c:/texlive/2024/texmf-dist/tex/generic/pgf/basiclayer/pgfcorepathconstruct.code.tex
File: pgfcorepathconstruct.code.tex 2023-01-15 v3.1.10 (3.1.10)
\pgf@path@lastx=\dimen258
\pgf@path@lasty=\dimen259
) (c:/texlive/2024/texmf-dist/tex/generic/pgf/basiclayer/pgfcorepathusage.code.tex
File: pgfcorepathusage.code.tex 2023-01-15 v3.1.10 (3.1.10)
\pgf@shorten@end@additional=\dimen260
\pgf@shorten@start@additional=\dimen261
) (c:/texlive/2024/texmf-dist/tex/generic/pgf/basiclayer/pgfcorescopes.code.tex
File: pgfcorescopes.code.tex 2023-01-15 v3.1.10 (3.1.10)
\pgfpic=\box63
\pgf@hbox=\box64
\pgf@layerbox@main=\box65
\pgf@picture@serial@count=\count304
) (c:/texlive/2024/texmf-dist/tex/generic/pgf/basiclayer/pgfcoregraphicstate.code.tex
File: pgfcoregraphicstate.code.tex 2023-01-15 v3.1.10 (3.1.10)
\pgflinewidth=\dimen262
) (c:/texlive/2024/texmf-dist/tex/generic/pgf/basiclayer/pgfcoretransformations.code.tex
File: pgfcoretransformations.code.tex 2023-01-15 v3.1.10 (3.1.10)
\pgf@pt@x=\dimen263
\pgf@pt@y=\dimen264
\pgf@pt@temp=\dimen265
) (c:/texlive/2024/texmf-dist/tex/generic/pgf/basiclayer/pgfcorequick.code.tex
File: pgfcorequick.code.tex 2023-01-15 v3.1.10 (3.1.10)
) (c:/texlive/2024/texmf-dist/tex/generic/pgf/basiclayer/pgfcoreobjects.code.tex
File: pgfcoreobjects.code.tex 2023-01-15 v3.1.10 (3.1.10)
) (c:/texlive/2024/texmf-dist/tex/generic/pgf/basiclayer/pgfcorepathprocessing.code.tex
File: pgfcorepathprocessing.code.tex 2023-01-15 v3.1.10 (3.1.10)
) (c:/texlive/2024/texmf-dist/tex/generic/pgf/basiclayer/pgfcorearrows.code.tex
File: pgfcorearrows.code.tex 2023-01-15 v3.1.10 (3.1.10)
\pgfarrowsep=\dimen266
) (c:/texlive/2024/texmf-dist/tex/generic/pgf/basiclayer/pgfcoreshade.code.tex
File: pgfcoreshade.code.tex 2023-01-15 v3.1.10 (3.1.10)
\pgf@max=\dimen267
\pgf@sys@shading@range@num=\count305
\pgf@shadingcount=\count306
) (c:/texlive/2024/texmf-dist/tex/generic/pgf/basiclayer/pgfcoreimage.code.tex
File: pgfcoreimage.code.tex 2023-01-15 v3.1.10 (3.1.10)
) (c:/texlive/2024/texmf-dist/tex/generic/pgf/basiclayer/pgfcoreexternal.code.tex
File: pgfcoreexternal.code.tex 2023-01-15 v3.1.10 (3.1.10)
\pgfexternal@startupbox=\box66
) (c:/texlive/2024/texmf-dist/tex/generic/pgf/basiclayer/pgfcorelayers.code.tex
File: pgfcorelayers.code.tex 2023-01-15 v3.1.10 (3.1.10)
) (c:/texlive/2024/texmf-dist/tex/generic/pgf/basiclayer/pgfcoretransparency.code.tex
File: pgfcoretransparency.code.tex 2023-01-15 v3.1.10 (3.1.10)
) (c:/texlive/2024/texmf-dist/tex/generic/pgf/basiclayer/pgfcorepatterns.code.tex
File: pgfcorepatterns.code.tex 2023-01-15 v3.1.10 (3.1.10)
) (c:/texlive/2024/texmf-dist/tex/generic/pgf/basiclayer/pgfcorerdf.code.tex
File: pgfcorerdf.code.tex 2023-01-15 v3.1.10 (3.1.10)
))) (c:/texlive/2024/texmf-dist/tex/latex/pgf/utilities/xxcolor.sty
Package: xxcolor 2003/10/24 ver 0.1


Package xcolor Warning: Package option `hyperref' is obsolete and ignored on input line 14.

\XC@nummixins=\count307
\XC@countmixins=\count308
) (c:/texlive/2024/texmf-dist/tex/latex/base/atbegshi-ltx.sty
Package: atbegshi-ltx 2021/01/10 v1.0c Emulation of the original atbegshi
package with kernel methods
) (c:/texlive/2024/texmf-dist/tex/latex/hyperref/hyperref.sty
Package: hyperref 2024-11-05 v7.01l Hypertext links for LaTeX
 (c:/texlive/2024/texmf-dist/tex/latex/kvsetkeys/kvsetkeys.sty
Package: kvsetkeys 2022-10-05 v1.19 Key value parser (HO)
) (c:/texlive/2024/texmf-dist/tex/generic/kvdefinekeys/kvdefinekeys.sty
Package: kvdefinekeys 2019-12-19 v1.6 Define keys (HO)
) (c:/texlive/2024/texmf-dist/tex/generic/pdfescape/pdfescape.sty
Package: pdfescape 2019/12/09 v1.15 Implements pdfTeX's escape features (HO)
 (c:/texlive/2024/texmf-dist/tex/generic/ltxcmds/ltxcmds.sty
Package: ltxcmds 2023-12-04 v1.26 LaTeX kernel commands for general use (HO)
) (c:/texlive/2024/texmf-dist/tex/generic/pdftexcmds/pdftexcmds.sty
Package: pdftexcmds 2020-06-27 v0.33 Utility functions of pdfTeX for LuaTeX (HO)
 (c:/texlive/2024/texmf-dist/tex/generic/infwarerr/infwarerr.sty
Package: infwarerr 2019/12/03 v1.5 Providing info/warning/error messages (HO)
)
Package pdftexcmds Info: \pdf@primitive is available.
Package pdftexcmds Info: \pdf@ifprimitive is available.
Package pdftexcmds Info: \pdfdraftmode found.
)) (c:/texlive/2024/texmf-dist/tex/latex/hycolor/hycolor.sty
Package: hycolor 2020-01-27 v1.10 Color options for hyperref/bookmark (HO)
) (c:/texlive/2024/texmf-dist/tex/latex/hyperref/nameref.sty
Package: nameref 2023-11-26 v2.56 Cross-referencing by name of section
 (c:/texlive/2024/texmf-dist/tex/latex/refcount/refcount.sty
Package: refcount 2019/12/15 v3.6 Data extraction from label references (HO)
) (c:/texlive/2024/texmf-dist/tex/generic/gettitlestring/gettitlestring.sty
Package: gettitlestring 2019/12/15 v1.6 Cleanup title references (HO)
 (c:/texlive/2024/texmf-dist/tex/latex/kvoptions/kvoptions.sty
Package: kvoptions 2022-06-15 v3.15 Key value format for package options (HO)
))
\c@section@level=\count309
) (c:/texlive/2024/texmf-dist/tex/generic/stringenc/stringenc.sty
Package: stringenc 2019/11/29 v1.12 Convert strings between diff. encodings (HO)
)
\@linkdim=\dimen268
\Hy@linkcounter=\count310
\Hy@pagecounter=\count311
 (c:/texlive/2024/texmf-dist/tex/latex/hyperref/pd1enc.def
File: pd1enc.def 2024-11-05 v7.01l Hyperref: PDFDocEncoding definition (HO)
Now handling font encoding PD1 ...
... no UTF-8 mapping file for font encoding PD1
) (c:/texlive/2024/texmf-dist/tex/generic/intcalc/intcalc.sty
Package: intcalc 2019/12/15 v1.3 Expandable calculations with integers (HO)
)
\Hy@SavedSpaceFactor=\count312
 (c:/texlive/2024/texmf-dist/tex/latex/hyperref/puenc.def
File: puenc.def 2024-11-05 v7.01l Hyperref: PDF Unicode definition (HO)
Now handling font encoding PU ...
... no UTF-8 mapping file for font encoding PU
)
Package hyperref Info: Option `bookmarks' set `true' on input line 4040.
Package hyperref Info: Option `bookmarksopen' set `true' on input line 4040.
Package hyperref Info: Option `pdfdisplaydoctitle' set `true' on input line 4040.
Package hyperref Info: Option `implicit' set `false' on input line 4040.
Package hyperref Info: Hyper figures OFF on input line 4157.
Package hyperref Info: Link nesting OFF on input line 4162.
Package hyperref Info: Hyper index ON on input line 4165.
Package hyperref Info: Plain pages OFF on input line 4172.
Package hyperref Info: Backreferencing OFF on input line 4177.
Package hyperref Info: Implicit mode OFF; no redefinition of LaTeX internals.
Package hyperref Info: Bookmarks ON on input line 4424.
\c@Hy@tempcnt=\count313
 (c:/texlive/2024/texmf-dist/tex/latex/url/url.sty
\Urlmuskip=\muskip17
Package: url 2013/09/16  ver 3.4  Verb mode for urls, etc.
)
LaTeX Info: Redefining \url on input line 4763.
\XeTeXLinkMargin=\dimen269
 (c:/texlive/2024/texmf-dist/tex/generic/bitset/bitset.sty
Package: bitset 2019/12/09 v1.3 Handle bit-vector datatype (HO)
 (c:/texlive/2024/texmf-dist/tex/generic/bigintcalc/bigintcalc.sty
Package: bigintcalc 2019/12/15 v1.5 Expandable calculations on big integers (HO)
))
\Fld@menulength=\count314
\Field@Width=\dimen270
\Fld@charsize=\dimen271
Package hyperref Info: Hyper figures OFF on input line 6042.
Package hyperref Info: Link nesting OFF on input line 6047.
Package hyperref Info: Hyper index ON on input line 6050.
Package hyperref Info: backreferencing OFF on input line 6057.
Package hyperref Info: Link coloring OFF on input line 6062.
Package hyperref Info: Link coloring with OCG OFF on input line 6067.
Package hyperref Info: PDF/A mode OFF on input line 6072.
\Hy@abspage=\count315


Package hyperref Message: Stopped early.

)
Package hyperref Info: Driver: hpdftex.
 (c:/texlive/2024/texmf-dist/tex/latex/hyperref/hpdftex.def
File: hpdftex.def 2024-11-05 v7.01l Hyperref driver for pdfTeX
 (c:/texlive/2024/texmf-dist/tex/latex/base/atveryend-ltx.sty
Package: atveryend-ltx 2020/08/19 v1.0a Emulation of the original atveryend package
with kernel methods
)
\Fld@listcount=\count316
\c@bookmark@seq@number=\count317
 (c:/texlive/2024/texmf-dist/tex/latex/rerunfilecheck/rerunfilecheck.sty
Package: rerunfilecheck 2022-07-10 v1.10 Rerun checks for auxiliary files (HO)
 (c:/texlive/2024/texmf-dist/tex/generic/uniquecounter/uniquecounter.sty
Package: uniquecounter 2019/12/15 v1.4 Provide unlimited unique counter (HO)
)
Package uniquecounter Info: New unique counter `rerunfilecheck' on input line 285.
)) (c:/texlive/2024/texmf-dist/tex/latex/beamer/beamerbaserequires.sty (c:/texlive/2024/texmf-dist/tex/latex/beamer/beamerbasecompatibility.sty) (c:/texlive/2024/texmf-dist/tex/latex/beamer/beamerbasefont.sty (c:/texlive/2024/texmf-dist/tex/latex/amsfonts/amssymb.sty
Package: amssymb 2013/01/14 v3.01 AMS font symbols
 (c:/texlive/2024/texmf-dist/tex/latex/amsfonts/amsfonts.sty
Package: amsfonts 2013/01/14 v3.01 Basic AMSFonts support
\@emptytoks=\toks29
\symAMSa=\mathgroup4
\symAMSb=\mathgroup5
LaTeX Font Info:    Redeclaring math symbol \hbar on input line 98.
LaTeX Font Info:    Overwriting math alphabet `\mathfrak' in version `bold'
(Font)                  U/euf/m/n --> U/euf/b/n on input line 106.
)) (c:/texlive/2024/texmf-dist/tex/latex/sansmathaccent/sansmathaccent.sty
Package: sansmathaccent 2020/01/31
 (c:/texlive/2024/texmf-dist/tex/latex/koma-script/scrlfile.sty
Package: scrlfile 2024/10/24 v3.43 KOMA-Script package (file load hooks)
 (c:/texlive/2024/texmf-dist/tex/latex/koma-script/scrlfile-hook.sty
Package: scrlfile-hook 2024/10/24 v3.43 KOMA-Script package (using LaTeX hooks)
 (c:/texlive/2024/texmf-dist/tex/latex/koma-script/scrlogo.sty
Package: scrlogo 2024/10/24 v3.43 KOMA-Script package (logo)
))))) (c:/texlive/2024/texmf-dist/tex/latex/beamer/beamerbasetranslator.sty (c:/texlive/2024/texmf-dist/tex/latex/translator/translator.sty
Package: translator 2021-05-31 v1.12d Easy translation of strings in LaTeX
)) (c:/texlive/2024/texmf-dist/tex/latex/beamer/beamerbasemisc.sty) (c:/texlive/2024/texmf-dist/tex/latex/beamer/beamerbasetwoscreens.sty) (c:/texlive/2024/texmf-dist/tex/latex/beamer/beamerbaseoverlay.sty
\beamer@argscount=\count318
\beamer@lastskipcover=\skip52
\beamer@trivlistdepth=\count319
) (c:/texlive/2024/texmf-dist/tex/latex/beamer/beamerbasetitle.sty) (c:/texlive/2024/texmf-dist/tex/latex/beamer/beamerbasesection.sty
\c@lecture=\count320
\c@part=\count321
\c@section=\count322
\c@subsection=\count323
\c@subsubsection=\count324
) (c:/texlive/2024/texmf-dist/tex/latex/beamer/beamerbaseframe.sty
\beamer@framebox=\box67
\beamer@frametitlebox=\box68
\beamer@zoombox=\box69
\beamer@zoomcount=\count325
\beamer@zoomframecount=\count326
\beamer@frametextheight=\dimen272
\c@subsectionslide=\count327
\beamer@frametopskip=\skip53
\beamer@framebottomskip=\skip54
\beamer@frametopskipautobreak=\skip55
\beamer@framebottomskipautobreak=\skip56
\beamer@envbody=\toks30
\framewidth=\dimen273
\c@framenumber=\count328
) (c:/texlive/2024/texmf-dist/tex/latex/beamer/beamerbaseverbatim.sty
\beamer@verbatimfileout=\write4
) (c:/texlive/2024/texmf-dist/tex/latex/beamer/beamerbaseframesize.sty
\beamer@splitbox=\box70
\beamer@autobreakcount=\count329
\beamer@autobreaklastheight=\dimen274
\beamer@frametitletoks=\toks31
\beamer@framesubtitletoks=\toks32
) (c:/texlive/2024/texmf-dist/tex/latex/beamer/beamerbaseframecomponents.sty
\beamer@footins=\box71
) (c:/texlive/2024/texmf-dist/tex/latex/beamer/beamerbasecolor.sty) (c:/texlive/2024/texmf-dist/tex/latex/beamer/beamerbasenotes.sty
\beamer@frameboxcopy=\box72
) (c:/texlive/2024/texmf-dist/tex/latex/beamer/beamerbasetoc.sty) (c:/texlive/2024/texmf-dist/tex/latex/beamer/beamerbasetemplates.sty
\beamer@sbttoks=\toks33
 (c:/texlive/2024/texmf-dist/tex/latex/beamer/beamerbaseauxtemplates.sty (c:/texlive/2024/texmf-dist/tex/latex/beamer/beamerbaseboxes.sty
\bmb@box=\box73
\bmb@colorbox=\box74
\bmb@boxwidth=\dimen275
\bmb@boxheight=\dimen276
\bmb@prevheight=\dimen277
\bmb@temp=\dimen278
\bmb@dima=\dimen279
\bmb@dimb=\dimen280
\bmb@prevheight=\dimen281
)
\beamer@blockheadheight=\dimen282
)) (c:/texlive/2024/texmf-dist/tex/latex/beamer/beamerbaselocalstructure.sty (c:/texlive/2024/texmf-dist/tex/latex/tools/enumerate.sty
Package: enumerate 2023/07/04 v3.00 enumerate extensions (DPC)
\@enLab=\toks34
)
\beamer@bibiconwidth=\skip57
\c@figure=\count330
\c@table=\count331
\abovecaptionskip=\skip58
\belowcaptionskip=\skip59
) (c:/texlive/2024/texmf-dist/tex/latex/beamer/beamerbasenavigation.sty (c:/texlive/2024/texmf-dist/tex/latex/beamer/beamerbasenavigationsymbols.tex)
\beamer@section@min@dim=\dimen283
) (c:/texlive/2024/texmf-dist/tex/latex/beamer/beamerbasetheorems.sty (c:/texlive/2024/texmf-dist/tex/latex/amsmath/amsmath.sty
Package: amsmath 2024/11/05 v2.17t AMS math features
\@mathmargin=\skip60

For additional information on amsmath, use the `?' option.
(c:/texlive/2024/texmf-dist/tex/latex/amsmath/amstext.sty
Package: amstext 2021/08/26 v2.01 AMS text
 (c:/texlive/2024/texmf-dist/tex/latex/amsmath/amsgen.sty
File: amsgen.sty 1999/11/30 v2.0 generic functions
\@emptytoks=\toks35
\ex@=\dimen284
)) (c:/texlive/2024/texmf-dist/tex/latex/amsmath/amsbsy.sty
Package: amsbsy 1999/11/29 v1.2d Bold Symbols
\pmbraise@=\dimen285
) (c:/texlive/2024/texmf-dist/tex/latex/amsmath/amsopn.sty
Package: amsopn 2022/04/08 v2.04 operator names
)
\inf@bad=\count332
LaTeX Info: Redefining \frac on input line 233.
\uproot@=\count333
\leftroot@=\count334
LaTeX Info: Redefining \overline on input line 398.
LaTeX Info: Redefining \colon on input line 409.
\classnum@=\count335
\DOTSCASE@=\count336
LaTeX Info: Redefining \ldots on input line 495.
LaTeX Info: Redefining \dots on input line 498.
LaTeX Info: Redefining \cdots on input line 619.
\Mathstrutbox@=\box75
\strutbox@=\box76
LaTeX Info: Redefining \big on input line 721.
LaTeX Info: Redefining \Big on input line 722.
LaTeX Info: Redefining \bigg on input line 723.
LaTeX Info: Redefining \Bigg on input line 724.
\big@size=\dimen286
LaTeX Font Info:    Redeclaring font encoding OML on input line 742.
LaTeX Font Info:    Redeclaring font encoding OMS on input line 743.
\macc@depth=\count337
LaTeX Info: Redefining \bmod on input line 904.
LaTeX Info: Redefining \pmod on input line 909.
LaTeX Info: Redefining \smash on input line 939.
LaTeX Info: Redefining \relbar on input line 969.
LaTeX Info: Redefining \Relbar on input line 970.
\c@MaxMatrixCols=\count338
\dotsspace@=\muskip18
\c@parentequation=\count339
\dspbrk@lvl=\count340
\tag@help=\toks36
\row@=\count341
\column@=\count342
\maxfields@=\count343
\andhelp@=\toks37
\eqnshift@=\dimen287
\alignsep@=\dimen288
\tagshift@=\dimen289
\tagwidth@=\dimen290
\totwidth@=\dimen291
\lineht@=\dimen292
\@envbody=\toks38
\multlinegap=\skip61
\multlinetaggap=\skip62
\mathdisplay@stack=\toks39
LaTeX Info: Redefining \[ on input line 2953.
LaTeX Info: Redefining \] on input line 2954.
) (c:/texlive/2024/texmf-dist/tex/latex/amscls/amsthm.sty
Package: amsthm 2020/05/29 v2.20.6
\thm@style=\toks40
\thm@bodyfont=\toks41
\thm@headfont=\toks42
\thm@notefont=\toks43
\thm@headpunct=\toks44
\thm@preskip=\skip63
\thm@postskip=\skip64
\thm@headsep=\skip65
\dth@everypar=\toks45
)
\c@theorem=\count344
) (c:/texlive/2024/texmf-dist/tex/latex/beamer/beamerbasethemes.sty)) (c:/texlive/2024/texmf-dist/tex/latex/beamer/beamerthemedefault.sty (c:/texlive/2024/texmf-dist/tex/latex/beamer/beamerfontthemedefault.sty) (c:/texlive/2024/texmf-dist/tex/latex/beamer/beamercolorthemedefault.sty) (c:/texlive/2024/texmf-dist/tex/latex/beamer/beamerinnerthemedefault.sty
\beamer@dima=\dimen293
\beamer@dimb=\dimen294
) (c:/texlive/2024/texmf-dist/tex/latex/beamer/beamerouterthemedefault.sty))) (./presentation.sty (c:/texlive/2024/texmf-dist/tex/latex/beamer/beamerfontthemeprofessionalfonts.sty) (c:/texlive/2024/texmf-dist/tex/latex/sourcesanspro/sourcesanspro.sty
Package: sourcesanspro 2018/05/19 v2.7 Adobe's Source Sans Pro typeface
 (c:/texlive/2024/texmf-dist/tex/generic/iftex/ifxetex.sty
Package: ifxetex 2019/10/25 v0.7 ifxetex legacy package. Use iftex instead.
) (c:/texlive/2024/texmf-dist/tex/generic/iftex/ifluatex.sty
Package: ifluatex 2019/10/25 v1.5 ifluatex legacy package. Use iftex instead.
) (c:/texlive/2024/texmf-dist/tex/latex/xkeyval/xkeyval.sty
Package: xkeyval 2022/06/16 v2.9 package option processing (HA)
 (c:/texlive/2024/texmf-dist/tex/generic/xkeyval/xkeyval.tex (c:/texlive/2024/texmf-dist/tex/generic/xkeyval/xkvutils.tex
\XKV@toks=\toks46
\XKV@tempa@toks=\toks47
)
\XKV@depth=\count345
File: xkeyval.tex 2014/12/03 v2.7a key=value parser (HA)
)) (c:/texlive/2024/texmf-dist/tex/latex/base/fontenc.sty
Package: fontenc 2021/04/29 v2.0v Standard LaTeX package
 (c:/texlive/2024/texmf-dist/tex/latex/ly1/ly1enc.def
File: ly1enc.def 2022/06/11 v0.8 TeX 'n ANSI encoding (DPC/KB)
Now handling font encoding LY1 ...
... processing UTF-8 mapping file for font encoding LY1
 (c:/texlive/2024/texmf-dist/tex/latex/base/ly1enc.dfu
File: ly1enc.dfu 2022/06/07 v1.3c UTF-8 support
   defining Unicode char U+00A0 (decimal 160)
   defining Unicode char U+00A1 (decimal 161)
   defining Unicode char U+00A2 (decimal 162)
   defining Unicode char U+00A3 (decimal 163)
   defining Unicode char U+00A4 (decimal 164)
   defining Unicode char U+00A5 (decimal 165)
   defining Unicode char U+00A6 (decimal 166)
   defining Unicode char U+00A7 (decimal 167)
   defining Unicode char U+00AA (decimal 170)
   defining Unicode char U+00AB (decimal 171)
   defining Unicode char U+00AD (decimal 173)
   defining Unicode char U+00AE (decimal 174)
   defining Unicode char U+00B0 (decimal 176)
   defining Unicode char U+00B5 (decimal 181)
   defining Unicode char U+00B6 (decimal 182)
   defining Unicode char U+00B7 (decimal 183)
   defining Unicode char U+00BA (decimal 186)
   defining Unicode char U+00BB (decimal 187)
   defining Unicode char U+00BC (decimal 188)
   defining Unicode char U+00BD (decimal 189)
   defining Unicode char U+00BE (decimal 190)
   defining Unicode char U+00BF (decimal 191)
   defining Unicode char U+00C0 (decimal 192)
   defining Unicode char U+00C1 (decimal 193)
   defining Unicode char U+00C2 (decimal 194)
   defining Unicode char U+00C3 (decimal 195)
   defining Unicode char U+00C4 (decimal 196)
   defining Unicode char U+00C5 (decimal 197)
   defining Unicode char U+00C6 (decimal 198)
   defining Unicode char U+00C7 (decimal 199)
   defining Unicode char U+00C8 (decimal 200)
   defining Unicode char U+00C9 (decimal 201)
   defining Unicode char U+00CA (decimal 202)
   defining Unicode char U+00CB (decimal 203)
   defining Unicode char U+00CC (decimal 204)
   defining Unicode char U+00CD (decimal 205)
   defining Unicode char U+00CE (decimal 206)
   defining Unicode char U+00CF (decimal 207)
   defining Unicode char U+00D0 (decimal 208)
   defining Unicode char U+00D1 (decimal 209)
   defining Unicode char U+00D2 (decimal 210)
   defining Unicode char U+00D3 (decimal 211)
   defining Unicode char U+00D4 (decimal 212)
   defining Unicode char U+00D5 (decimal 213)
   defining Unicode char U+00D6 (decimal 214)
   defining Unicode char U+00D8 (decimal 216)
   defining Unicode char U+00D9 (decimal 217)
   defining Unicode char U+00DA (decimal 218)
   defining Unicode char U+00DB (decimal 219)
   defining Unicode char U+00DC (decimal 220)
   defining Unicode char U+00DD (decimal 221)
   defining Unicode char U+00DE (decimal 222)
   defining Unicode char U+00DF (decimal 223)
   defining Unicode char U+00E0 (decimal 224)
   defining Unicode char U+00E1 (decimal 225)
   defining Unicode char U+00E2 (decimal 226)
   defining Unicode char U+00E3 (decimal 227)
   defining Unicode char U+00E4 (decimal 228)
   defining Unicode char U+00E5 (decimal 229)
   defining Unicode char U+00E6 (decimal 230)
   defining Unicode char U+00E7 (decimal 231)
   defining Unicode char U+00E8 (decimal 232)
   defining Unicode char U+00E9 (decimal 233)
   defining Unicode char U+00EA (decimal 234)
   defining Unicode char U+00EB (decimal 235)
   defining Unicode char U+00EC (decimal 236)
   defining Unicode char U+00ED (decimal 237)
   defining Unicode char U+00EE (decimal 238)
   defining Unicode char U+00EF (decimal 239)
   defining Unicode char U+00F0 (decimal 240)
   defining Unicode char U+00F1 (decimal 241)
   defining Unicode char U+00F2 (decimal 242)
   defining Unicode char U+00F3 (decimal 243)
   defining Unicode char U+00F4 (decimal 244)
   defining Unicode char U+00F5 (decimal 245)
   defining Unicode char U+00F6 (decimal 246)
   defining Unicode char U+00F8 (decimal 248)
   defining Unicode char U+00F9 (decimal 249)
   defining Unicode char U+00FA (decimal 250)
   defining Unicode char U+00FB (decimal 251)
   defining Unicode char U+00FC (decimal 252)
   defining Unicode char U+00FD (decimal 253)
   defining Unicode char U+00FE (decimal 254)
   defining Unicode char U+00FF (decimal 255)
   defining Unicode char U+0131 (decimal 305)
   defining Unicode char U+0141 (decimal 321)
   defining Unicode char U+0142 (decimal 322)
   defining Unicode char U+0152 (decimal 338)
   defining Unicode char U+0153 (decimal 339)
   defining Unicode char U+0160 (decimal 352)
   defining Unicode char U+0161 (decimal 353)
   defining Unicode char U+0174 (decimal 372)
   defining Unicode char U+0175 (decimal 373)
   defining Unicode char U+0176 (decimal 374)
   defining Unicode char U+0177 (decimal 375)
   defining Unicode char U+0178 (decimal 376)
   defining Unicode char U+017D (decimal 381)
   defining Unicode char U+017E (decimal 382)
   defining Unicode char U+0192 (decimal 402)
   defining Unicode char U+0218 (decimal 536)
   defining Unicode char U+0219 (decimal 537)
   defining Unicode char U+021A (decimal 538)
   defining Unicode char U+021B (decimal 539)
   defining Unicode char U+0237 (decimal 567)
   defining Unicode char U+02C6 (decimal 710)
   defining Unicode char U+02DC (decimal 732)
   defining Unicode char U+2013 (decimal 8211)
   defining Unicode char U+2014 (decimal 8212)
   defining Unicode char U+201C (decimal 8220)
   defining Unicode char U+201D (decimal 8221)
   defining Unicode char U+2020 (decimal 8224)
   defining Unicode char U+2021 (decimal 8225)
   defining Unicode char U+2022 (decimal 8226)
   defining Unicode char U+2026 (decimal 8230)
   defining Unicode char U+2030 (decimal 8240)
   defining Unicode char U+2039 (decimal 8249)
   defining Unicode char U+203A (decimal 8250)
   defining Unicode char U+2122 (decimal 8482)
   defining Unicode char U+FB00 (decimal 64256)
   defining Unicode char U+FB01 (decimal 64257)
   defining Unicode char U+FB02 (decimal 64258)
   defining Unicode char U+FB03 (decimal 64259)
   defining Unicode char U+FB04 (decimal 64260)
   defining Unicode char U+FB05 (decimal 64261)
   defining Unicode char U+FB06 (decimal 64262)
)))) (c:/texlive/2024/texmf-dist/tex/latex/sourcecodepro/sourcecodepro.sty
Package: sourcecodepro 2018/01/13 v2.7 Adobe's Source Code Pro typeface
 (c:/texlive/2024/texmf-dist/tex/latex/base/fontenc.sty
Package: fontenc 2021/04/29 v2.0v Standard LaTeX package
LaTeX Font Info:    Trying to load font information for T1+SourceSansPro-TLF on input line 116.
 (c:/texlive/2024/texmf-dist/tex/latex/sourcesanspro/T1SourceSansPro-TLF.fd
File: T1SourceSansPro-TLF.fd 2020/01/19 (autoinst) Font definitions for T1/SourceSansPro-TLF.
)
LaTeX Font Info:    Font shape `T1/SourceSansPro-TLF/m/n' aliased to
(Font)              `T1/SourceSansPro-TLF/regular/n' on input line 116.
LaTeX Font Info:    Font shape `T1/SourceSansPro-TLF/regular/n' will be
(Font)              scaled to size 10.95pt on input line 116.
)) (c:/texlive/2024/texmf-dist/tex/latex/base/fontenc.sty
Package: fontenc 2021/04/29 v2.0v Standard LaTeX package
) (c:/texlive/2024/texmf-dist/tex/latex/mnsymbol/MnSymbol.sty
Package: MnSymbol 2007/01/21 v1.4 support for the MnSymbol font
 (c:/texlive/2024/texmf-dist/tex/latex/base/textcomp.sty
Package: textcomp 2024/04/24 v2.1b Standard LaTeX package
)
LaTeX Info: Redefining \dagger on input line 84.
LaTeX Info: Redefining \ddagger on input line 84.
LaTeX Info: Redefining \mathparagraph on input line 84.
LaTeX Info: Redefining \mathsection on input line 84.
LaTeX Info: Redefining \mathdollar on input line 84.
LaTeX Info: Redefining \mathsterling on input line 84.
LaTeX Info: Redefining \yen on input line 84.
LaTeX Info: Redefining \circledR on input line 84.
LaTeX Info: Redefining \circledS on input line 84.
LaTeX Info: Redefining \Re on input line 84.
LaTeX Info: Redefining \Im on input line 84.
LaTeX Info: Redefining \dotplus on input line 84.
LaTeX Info: Redefining \thicksim on input line 84.
LaTeX Info: Redefining \thickapprox on input line 84.
LaTeX Info: Redefining \veebar on input line 84.
LaTeX Info: Redefining \barwedge on input line 84.
LaTeX Info: Redefining \doublebarwedge on input line 84.
LaTeX Info: Redefining \centerdot on input line 84.
LaTeX Info: Redefining \divideontimes on input line 84.
\symMnSyA=\mathgroup6
\symMnSyB=\mathgroup7
\symMnSyC=\mathgroup8
\symMnSyD=\mathgroup9
LaTeX Font Info:    Redeclaring symbol font `largesymbols' on input line 119.
LaTeX Font Info:    Overwriting symbol font `largesymbols' in version `normal'
(Font)                  OMX/cmex/m/n --> OMX/MnSymbolE/m/n on input line 119.
LaTeX Font Info:    Overwriting symbol font `largesymbols' in version `bold'
(Font)                  OMX/cmex/m/n --> OMX/MnSymbolE/m/n on input line 119.
LaTeX Font Info:    Redeclaring symbol font `symbols' on input line 120.
LaTeX Font Info:    Encoding `OMS' has changed to `U' for symbol font
(Font)              `symbols' in the math version `normal' on input line 120.
LaTeX Font Info:    Overwriting symbol font `symbols' in version `normal'
(Font)                  OMS/cmsy/m/n --> U/MnSymbolF/m/n on input line 120.
LaTeX Font Info:    Encoding `OMS' has changed to `U' for symbol font
(Font)              `symbols' in the math version `bold' on input line 120.
LaTeX Font Info:    Overwriting symbol font `symbols' in version `bold'
(Font)                  OMS/cmsy/b/n --> U/MnSymbolF/m/n on input line 120.
LaTeX Font Info:    Overwriting symbol font `MnSyA' in version `bold'
(Font)                  U/MnSymbolA/m/n --> U/MnSymbolA/b/n on input line 121.
LaTeX Font Info:    Overwriting symbol font `MnSyB' in version `bold'
(Font)                  U/MnSymbolB/m/n --> U/MnSymbolB/b/n on input line 122.
LaTeX Font Info:    Overwriting symbol font `MnSyC' in version `bold'
(Font)                  U/MnSymbolC/m/n --> U/MnSymbolC/b/n on input line 123.
LaTeX Font Info:    Overwriting symbol font `MnSyD' in version `bold'
(Font)                  U/MnSymbolD/m/n --> U/MnSymbolD/b/n on input line 124.
LaTeX Font Info:    Overwriting symbol font `largesymbols' in version `bold'
(Font)                  OMX/MnSymbolE/m/n --> OMX/MnSymbolE/b/n on input line 125.
LaTeX Font Info:    Overwriting symbol font `symbols' in version `bold'
(Font)                  U/MnSymbolF/m/n --> U/MnSymbolF/b/n on input line 126.
LaTeX Font Info:    Redeclaring math alphabet \mathcal on input line 241.
LaTeX Font Info:    Overwriting math alphabet `\mathcal' in version `bold'
(Font)                  OMS/MnSymbolS/m/n --> OMS/MnSymbolS/b/n on input line 241.
LaTeX Info: Redefining \longrightarrow on input line 548.
LaTeX Info: Redefining \longleftarrow on input line 549.
LaTeX Info: Redefining \longleftrightarrow on input line 550.
LaTeX Info: Redefining \Longrightarrow on input line 551.
LaTeX Info: Redefining \Longleftarrow on input line 552.
LaTeX Info: Redefining \Longleftrightarrow on input line 553.
LaTeX Info: Redefining \longmapsto on input line 554.
LaTeX Info: Redefining \vdots on input line 868.
LaTeX Font Info:    Redeclaring math symbol \braceld on input line 1721.
LaTeX Font Info:    Redeclaring math symbol \bracelu on input line 1722.
LaTeX Font Info:    Redeclaring math symbol \bracerd on input line 1723.
LaTeX Font Info:    Redeclaring math symbol \braceru on input line 1724.
LaTeX Info: Redefining \downbracefill on input line 1799.
LaTeX Info: Redefining \upbracefill on input line 1800.
LaTeX Info: Redefining \overbrace on input line 1819.
LaTeX Info: Redefining \underbrace on input line 1820.
LaTeX Info: Redefining \surd on input line 1843.
LaTeX Font Info:    Redeclaring math accent \widehat on input line 1845.
LaTeX Font Info:    Redeclaring math accent \widetilde on input line 1846.
LaTeX Font Info:    Redeclaring math accent \vec on input line 1848.
) (c:/texlive/2024/texmf-dist/tex/latex/mathalpha/mathalpha.sty
Package: mathalpha 2021/11/18 - 1.143mathalpha (License LPPL) Michael Sharpe
 `mathalpha' v1.143, 2021/11/18, a renaming of mathalfa (msharpe)
LaTeX Font Info:    Redeclaring math alphabet \mathcal on input line 452.
LaTeX Font Info:    Overwriting math alphabet `\mathcal' in version `normal'
(Font)                  OMS/MnSymbolS/m/n --> U/eus/m/n on input line 452.
LaTeX Font Info:    Overwriting math alphabet `\mathcal' in version `bold'
(Font)                  OMS/MnSymbolS/b/n --> U/eus/m/n on input line 452.
LaTeX Font Info:    Overwriting math alphabet `\mathcal' in version `bold'
(Font)                  U/eus/m/n --> U/eus/b/n on input line 454.
) (c:/texlive/2024/texmf-dist/tex/latex/tools/bm.sty
Package: bm 2023/12/19 v1.2f Bold Symbol Support (DPC/FMi)
Package bm Info: No bold for \U/msa/m/n, using \pmb.
Package bm Info: No bold for \U/msb/m/n, using \pmb.
) (c:/texlive/2024/texmf-dist/tex/latex/mathastext/mathastext.sty
Package: mathastext 2024/10/26 v1.4e Use the text font in math mode (JFB)

Package mathastext Info: Starting the math mode configuration.
\mst@exists@muskip=\muskip19
\mst@forall@muskip=\muskip20
\mst@prime@muskip=\muskip21
\mst@do@nonletters=\toks48
\mst@undo@nonletters=\toks49
\mst@do@easynonletters=\toks50
\mst@undo@easynonletters=\toks51
\symmtoperatorfont=\mathgroup10
\symmtletterfont=\mathgroup11
(   mathastext:   ) will use Euler font; command \MTEulerScale
\symmteulervm=\mathgroup12
(   mathastext:   ) ! and ?
(   mathastext:   ) punctuation: , . : ; and \colon
(   mathastext:   ) \# \mathdollar \% \& 
(   mathastext:   ) \imath and \jmath 
LaTeX Font Info:    Overwriting math alphabet `\Mathnormalbold' in version `normal'
(Font)                  T1/SourceSansPro-TLF/b/it --> T1/SourceSansPro-TLF/b/it on input line 2934.
LaTeX Font Info:    Overwriting math alphabet `\Mathnormalbold' in version `bold'
(Font)                  T1/SourceSansPro-TLF/b/it --> T1/SourceSansPro-TLF/b/it on input line 2934.
LaTeX Font Info:    Overwriting symbol font `mtletterfont' in version `normal'
(Font)                  T1/SourceSansPro-TLF/m/it --> T1/SourceSansPro-TLF/m/it on input line 2934.
LaTeX Font Info:    Overwriting symbol font `mtletterfont' in version `bold'
(Font)                  T1/SourceSansPro-TLF/m/it --> T1/SourceSansPro-TLF/b/it on input line 2934.
LaTeX Font Info:    Overwriting symbol font `mtoperatorfont' in version `normal'
(Font)                  T1/SourceSansPro-TLF/m/n --> T1/SourceSansPro-TLF/m/n on input line 2934.
LaTeX Font Info:    Overwriting symbol font `mtoperatorfont' in version `bold'
(Font)                  T1/SourceSansPro-TLF/m/n --> T1/SourceSansPro-TLF/b/n on input line 2934.
LaTeX Font Info:    Overwriting math alphabet `\Mathbf' in version `normal'
(Font)                  T1/SourceSansPro-TLF/b/n --> T1/SourceSansPro-TLF/b/n on input line 2934.
LaTeX Font Info:    Overwriting math alphabet `\Mathbf' in version `bold'
(Font)                  T1/SourceSansPro-TLF/b/n --> T1/SourceSansPro-TLF/b/n on input line 2934.
LaTeX Font Info:    Overwriting math alphabet `\Mathit' in version `normal'
(Font)                  T1/SourceSansPro-TLF/m/it --> T1/SourceSansPro-TLF/m/it on input line 2934.
LaTeX Font Info:    Overwriting math alphabet `\Mathit' in version `bold'
(Font)                  T1/SourceSansPro-TLF/m/it --> T1/SourceSansPro-TLF/b/it on input line 2934.
LaTeX Font Info:    Overwriting math alphabet `\Mathsf' in version `normal'
(Font)                  T1/SourceSansPro-TLF/m/n --> T1/SourceSansPro-TLF/m/n on input line 2934.
LaTeX Font Info:    Overwriting math alphabet `\Mathsf' in version `bold'
(Font)                  T1/SourceSansPro-TLF/m/n --> T1/SourceSansPro-TLF/b/n on input line 2934.
LaTeX Font Info:    Overwriting math alphabet `\Mathtt' in version `normal'
(Font)                  T1/SourceCodePro-TLF/m/n --> T1/SourceCodePro-TLF/m/n on input line 2934.
LaTeX Font Info:    Overwriting math alphabet `\Mathtt' in version `bold'
(Font)                  T1/SourceCodePro-TLF/m/n --> T1/SourceCodePro-TLF/b/n on input line 2934.
LaTeX Font Info:    Overwriting symbol font `mteulervm' in version `bold'
(Font)                  U/zeur/m/n --> U/zeur/b/n on input line 2934.
LaTeX Font Info:    Overwriting math alphabet `\MathEulerBold' in version `normal'
(Font)                  U/zeur/b/n --> U/zeur/b/n on input line 2934.
LaTeX Font Info:    Overwriting math alphabet `\MathEulerBold' in version `bold'
(Font)                  U/zeur/b/n --> U/zeur/b/n on input line 2934.
(   mathastext:   ) Latin letters in the `normal', resp. `bold',
(   mathastext:   ) math versions are now set up to use the fonts
(   mathastext:   ) T1/SourceSansPro-TLF/m/it, resp. T1/SourceSansPro-TLF/b/it.
(   mathastext:   ) Other characters (digits, ...) and \log-like names will be
(   mathastext:   ) typeset with the n shape.
(   mathastext:   ) The italic option is in effect.
(   mathastext:   ) Greek letters will use the Euler font.
(   mathastext:   ) Use \MathastextEulerScale{<factor>} to scale the font.
(   mathastext:   ) \HUGE has been (re)-defined.
(   mathastext:   ) mathastext has declared larger sizes for subscripts.
(   mathastext:   ) To keep LaTeX defaults, use option `defaultmathsizes'.

Package mathastext Info: Loading is complete.  You can now use \Mathastext to
(mathastext)             modify the normal and bold math versions.  Use it
(mathastext)             with optional argument or use \MTDeclareVersion to
(mathastext)             declare additional math versions.
) (c:/texlive/2024/texmf-dist/tex/latex/beamer/beamerthemeBoadilla.sty (c:/texlive/2024/texmf-dist/tex/latex/beamer/beamercolorthemerose.sty) (c:/texlive/2024/texmf-dist/tex/latex/beamer/beamerinnerthemerounded.sty) (c:/texlive/2024/texmf-dist/tex/latex/beamer/beamercolorthemedolphin.sty) (c:/texlive/2024/texmf-dist/tex/latex/beamer/beamerouterthemeinfolines.sty)) (c:/texlive/2024/texmf-dist/tex/latex/beamer/beamercolorthemeseagull.sty) (c:/texlive/2024/texmf-dist/tex/latex/setspace/setspace.sty
Package: setspace 2022/12/04 v6.7b set line spacing
) (c:/texlive/2024/texmf-dist/tex/latex/microtype/microtype.sty
Package: microtype 2024/12/12 v3.2 Micro-typographical refinements (RS)
\MT@toks=\toks52
\MT@tempbox=\box77
\MT@count=\count346
LaTeX Info: Redefining \noprotrusionifhmode on input line 1075.
LaTeX Info: Redefining \leftprotrusion on input line 1076.
\MT@prot@toks=\toks53
LaTeX Info: Redefining \rightprotrusion on input line 1095.
LaTeX Info: Redefining \textls on input line 1437.
\MT@outer@kern=\dimen295
LaTeX Info: Redefining \microtypecontext on input line 2041.
LaTeX Info: Redefining \textmicrotypecontext on input line 2058.
\MT@listname@count=\count347
 (c:/texlive/2024/texmf-dist/tex/latex/microtype/microtype-pdftex.def
File: microtype-pdftex.def 2024/12/12 v3.2 Definitions specific to pdftex (RS)
LaTeX Info: Redefining \lsstyle on input line 944.
LaTeX Info: Redefining \lslig on input line 944.
\MT@outer@space=\skip66
)
Package microtype Info: Loading configuration file microtype.cfg.
 (c:/texlive/2024/texmf-dist/tex/latex/microtype/microtype.cfg
File: microtype.cfg 2024/12/12 v3.2 microtype main configuration file (RS)
)
LaTeX Info: Redefining \microtypesetup on input line 3053.
) (c:/texlive/2024/texmf-dist/tex/latex/l3packages/xparse/xparse.sty (c:/texlive/2024/texmf-dist/tex/latex/l3kernel/expl3.sty
Package: expl3 2024-11-02 L3 programming layer (loader) 
 (c:/texlive/2024/texmf-dist/tex/latex/l3backend/l3backend-pdftex.def
File: l3backend-pdftex.def 2024-05-08 L3 backend support: PDF output (pdfTeX)
\l__color_backend_stack_int=\count348
\l__pdf_internal_box=\box78
))
Package: xparse 2024-08-16 L3 Experimental document command parser
) (c:/texlive/2024/texmf-dist/tex/latex/booktabs/booktabs.sty
Package: booktabs 2020/01/12 v1.61803398 Publication quality tables
\heavyrulewidth=\dimen296
\lightrulewidth=\dimen297
\cmidrulewidth=\dimen298
\belowrulesep=\dimen299
\belowbottomsep=\dimen300
\aboverulesep=\dimen301
\abovetopsep=\dimen302
\cmidrulesep=\dimen303
\cmidrulekern=\dimen304
\defaultaddspace=\dimen305
\@cmidla=\count349
\@cmidlb=\count350
\@aboverulesep=\dimen306
\@belowrulesep=\dimen307
\@thisruleclass=\count351
\@lastruleclass=\count352
\@thisrulewidth=\dimen308
) (c:/texlive/2024/texmf-dist/tex/latex/multirow/multirow.sty
Package: multirow 2024/11/12 v2.9 Span multiple rows of a table
\multirow@colwidth=\skip67
\multirow@cntb=\count353
\multirow@dima=\skip68
\bigstrutjot=\dimen309
) (c:/texlive/2024/texmf-dist/tex/latex/caption/caption.sty
Package: caption 2023/08/05 v3.6o Customizing captions (AR)
 (c:/texlive/2024/texmf-dist/tex/latex/caption/caption3.sty
Package: caption3 2023/07/31 v2.4d caption3 kernel (AR)
\caption@tempdima=\dimen310
\captionmargin=\dimen311
\caption@leftmargin=\dimen312
\caption@rightmargin=\dimen313
\caption@width=\dimen314
\caption@indent=\dimen315
\caption@parindent=\dimen316
\caption@hangindent=\dimen317
Package caption Info: beamer document class detected.
 (c:/texlive/2024/texmf-dist/tex/latex/caption/caption-beamer.sto
File: caption-beamer.sto 2022/01/06 v2.0c Adaption of the caption package to the beamer document classes (AR)
))
\c@caption@flags=\count354
\c@continuedfloat=\count355
Package caption Info: hyperref package is loaded.
Package caption Info: Hyperref support is turned off
(caption)             because hyperref has stopped early.
)
\c@proposition=\count356
\c@assumption=\count357
\c@remark=\count358
) (./presentation.aux)
\openout1 = `presentation.aux'.

LaTeX Font Info:    Checking defaults for OML/cmm/m/it on input line 10.
LaTeX Font Info:    ... okay on input line 10.
LaTeX Font Info:    Checking defaults for OMS/cmsy/m/n on input line 10.
LaTeX Font Info:    ... okay on input line 10.
LaTeX Font Info:    Checking defaults for OT1/cmr/m/n on input line 10.
LaTeX Font Info:    ... okay on input line 10.
LaTeX Font Info:    Checking defaults for T1/cmr/m/n on input line 10.
LaTeX Font Info:    ... okay on input line 10.
LaTeX Font Info:    Checking defaults for TS1/cmr/m/n on input line 10.
LaTeX Font Info:    ... okay on input line 10.
LaTeX Font Info:    Checking defaults for OMX/cmex/m/n on input line 10.
LaTeX Font Info:    ... okay on input line 10.
LaTeX Font Info:    Checking defaults for U/cmr/m/n on input line 10.
LaTeX Font Info:    ... okay on input line 10.
LaTeX Font Info:    Checking defaults for PD1/pdf/m/n on input line 10.
LaTeX Font Info:    ... okay on input line 10.
LaTeX Font Info:    Checking defaults for PU/pdf/m/n on input line 10.
LaTeX Font Info:    ... okay on input line 10.
LaTeX Font Info:    Checking defaults for LY1/ptm/m/n on input line 10.
LaTeX Font Info:    Trying to load font information for LY1+ptm on input line 10.
 (c:/texlive/2024/texmf-dist/tex/latex/ly1/ly1ptm.fd
File: ly1ptm.fd 2001/02/01 font definitions for LY1/ptm using Berry names.
)
LaTeX Font Info:    ... okay on input line 10.

*geometry* driver: auto-detecting
*geometry* detected driver: pdftex
*geometry* verbose mode - [ preamble ] result:
* driver: pdftex
* paper: custom
* layout: <same size as paper>
* layoutoffset:(h,v)=(0.0pt,0.0pt)
* modes: includehead includefoot 
* h-part:(L,W,R)=(14.22636pt, 335.74263pt, 14.22636pt)
* v-part:(T,H,B)=(0.0pt, 273.14662pt, 0.0pt)
* \paperwidth=364.19536pt
* \paperheight=273.14662pt
* \textwidth=335.74263pt
* \textheight=244.6939pt
* \oddsidemargin=-58.04362pt
* \evensidemargin=-58.04362pt
* \topmargin=-72.26999pt
* \headheight=14.22636pt
* \headsep=0.0pt
* \topskip=11.0pt
* \footskip=14.22636pt
* \marginparwidth=4.0pt
* \marginparsep=10.0pt
* \columnsep=10.0pt
* \skip\footins=10.0pt plus 4.0pt minus 2.0pt
* \hoffset=0.0pt
* \voffset=0.0pt
* \mag=1000
* \@twocolumnfalse
* \@twosidefalse
* \@mparswitchfalse
* \@reversemarginfalse
* (1in=72.27pt=25.4mm, 1cm=28.453pt)

(c:/texlive/2024/texmf-dist/tex/context/base/mkii/supp-pdf.mkii
[Loading MPS to PDF converter (version 2006.09.02).]
\scratchcounter=\count359
\scratchdimen=\dimen318
\scratchbox=\box79
\nofMPsegments=\count360
\nofMParguments=\count361
\everyMPshowfont=\toks54
\MPscratchCnt=\count362
\MPscratchDim=\dimen319
\MPnumerator=\count363
\makeMPintoPDFobject=\count364
\everyMPtoPDFconversion=\toks55
) (c:/texlive/2024/texmf-dist/tex/latex/epstopdf-pkg/epstopdf-base.sty
Package: epstopdf-base 2020-01-24 v2.11 Base part for package epstopdf
Package epstopdf-base Info: Redefining graphics rule for `.eps' on input line 485.
 (c:/texlive/2024/texmf-dist/tex/latex/latexconfig/epstopdf-sys.cfg
File: epstopdf-sys.cfg 2010/07/13 v1.3 Configuration of (r)epstopdf for TeX Live
))
Package hyperref Info: Link coloring OFF on input line 10.
 (./presentation.out) (./presentation.out)
\@outlinefile=\write5
\openout5 = `presentation.out'.

 (c:/texlive/2024/texmf-dist/tex/latex/translator/translator-basic-dictionary-English.dict
Dictionary: translator-basic-dictionary, Language: English 
) (c:/texlive/2024/texmf-dist/tex/latex/translator/translator-bibliography-dictionary-English.dict
Dictionary: translator-bibliography-dictionary, Language: English 
) (c:/texlive/2024/texmf-dist/tex/latex/translator/translator-environment-dictionary-English.dict
Dictionary: translator-environment-dictionary, Language: English 
) (c:/texlive/2024/texmf-dist/tex/latex/translator/translator-months-dictionary-English.dict
Dictionary: translator-months-dictionary, Language: English 
) (c:/texlive/2024/texmf-dist/tex/latex/translator/translator-numbers-dictionary-English.dict
Dictionary: translator-numbers-dictionary, Language: English 
) (c:/texlive/2024/texmf-dist/tex/latex/translator/translator-theorem-dictionary-English.dict
Dictionary: translator-theorem-dictionary, Language: English 
)
LaTeX Info: Redefining \microtypecontext on input line 10.
Package microtype Info: Applying patch `item' on input line 10.
Package microtype Info: Applying patch `toc' on input line 10.
Package microtype Info: Applying patch `eqnum' on input line 10.
Package microtype Info: Applying patch `footnote' on input line 10.
Package microtype Info: Applying patch `verbatim' on input line 10.
LaTeX Info: Redefining \microtypesetup on input line 10.
Package microtype Info: Generating PDF output.
Package microtype Info: Character protrusion enabled (level 2).
Package microtype Info: Using default protrusion set `alltext'.
Package microtype Info: Automatic font expansion enabled (level 2),
(microtype)             stretch: 20, shrink: 20, step: 1, non-selected.
Package microtype Info: Using default expansion set `alltext-nott'.
LaTeX Info: Redefining \showhyphens on input line 10.
Package microtype Info: No adjustment of tracking.
Package microtype Info: No adjustment of interword spacing.
Package microtype Info: No adjustment of character kerning.
Package microtype Info: Loading generic protrusion settings for font family
(microtype)             `SourceSansPro-TLF' (encoding: T1).
(microtype)             For optimal results, create family-specific settings.
(microtype)             See the microtype manual for details.
Package caption Info: Begin \AtBeginDocument code.
Package caption Info: End \AtBeginDocument code.
 (./presentation.nav)
LaTeX Font Info:    Font shape `T1/SourceSansPro-TLF/m/n' aliased to
(Font)              `T1/SourceSansPro-TLF/regular/n' on input line 10.
LaTeX Font Info:    Font shape `T1/SourceSansPro-TLF/regular/n' will be
(Font)              scaled to size 6.0pt on input line 10.
LaTeX Font Info:    Font shape `T1/SourceSansPro-TLF/m/n' aliased to
(Font)              `T1/SourceSansPro-TLF/regular/n' on input line 26.
LaTeX Font Info:    Font shape `T1/SourceSansPro-TLF/regular/n' will be
(Font)              scaled to size 20.74pt on input line 26.
LaTeX Font Info:    Font shape `T1/SourceSansPro-TLF/m/sc' aliased to
(Font)              `T1/SourceSansPro-TLF/regular/sc' on input line 26.
LaTeX Font Info:    Font shape `T1/SourceSansPro-TLF/regular/sc' will be
(Font)              scaled to size 20.74pt on input line 26.

Overfull \hbox (8.0pt too wide) in paragraph at lines 26--26
[][]  
 []

LaTeX Font Info:    Font shape `T1/SourceSansPro-TLF/m/n' aliased to
(Font)              `T1/SourceSansPro-TLF/regular/n' on input line 26.
LaTeX Font Info:    Font shape `T1/SourceSansPro-TLF/regular/n' will be
(Font)              scaled to size 12.0pt on input line 26.
LaTeX Font Info:    Font shape `T1/SourceSansPro-TLF/m/n' aliased to
(Font)              `T1/SourceSansPro-TLF/regular/n' on input line 26.
LaTeX Font Info:    Font shape `T1/SourceSansPro-TLF/regular/n' will be
(Font)              scaled to size 9.0pt on input line 26.
LaTeX Font Info:    Trying to load font information for T1+SourceCodePro-TLF on input line 26.
(c:/texlive/2024/texmf-dist/tex/latex/sourcecodepro/T1SourceCodePro-TLF.fd
File: T1SourceCodePro-TLF.fd 2018/02/18 (autoinst) Font definitions for T1/SourceCodePro-TLF.
)
LaTeX Font Info:    Font shape `T1/SourceCodePro-TLF/m/n' will be
(Font)              scaled to size 9.0pt on input line 26.
Package microtype Info: Loading generic protrusion settings for font family
(microtype)             `SourceCodePro-TLF' (encoding: T1).
(microtype)             For optimal results, create family-specific settings.
(microtype)             See the microtype manual for details.
 (c:/texlive/2024/texmf-dist/tex/latex/microtype/mt-cmr.cfg
File: mt-cmr.cfg 2013/05/19 v2.2 microtype config. file: Computer Modern Roman (RS)
)
Package microtype Info: Fixing zero \fontdimen 6 for font `OMX/MnSymbolE/m/n/9'
(microtype)             (new value: 9.0pt) on input line 26.
Package microtype Info: Fixing zero \fontdimen 6 for font `OMX/MnSymbolE/m/n/7'
(microtype)             (new value: 7.0pt) on input line 26.
Package microtype Info: Fixing zero \fontdimen 6 for font `OMX/MnSymbolE/m/n/5'
(microtype)             (new value: 5.0pt) on input line 26.
LaTeX Font Info:    Trying to load font information for U+msa on input line 26.
 (c:/texlive/2024/texmf-dist/tex/latex/amsfonts/umsa.fd
File: umsa.fd 2013/01/14 v3.01 AMS symbols A
) (c:/texlive/2024/texmf-dist/tex/latex/microtype/mt-msa.cfg
File: mt-msa.cfg 2006/02/04 v1.1 microtype config. file: AMS symbols (a) (RS)
)
LaTeX Font Info:    Trying to load font information for U+msb on input line 26.
 (c:/texlive/2024/texmf-dist/tex/latex/amsfonts/umsb.fd
File: umsb.fd 2013/01/14 v3.01 AMS symbols B
) (c:/texlive/2024/texmf-dist/tex/latex/microtype/mt-msb.cfg
File: mt-msb.cfg 2005/06/01 v1.0 microtype config. file: AMS symbols (b) (RS)
)
Package microtype Info: Fixing zero \fontdimen 6 for font `U/MnSymbolA/m/n/9'
(microtype)             (new value: 9.0pt) on input line 26.
Package microtype Info: Fixing zero \fontdimen 6 for font `U/MnSymbolA/m/n/7'
(microtype)             (new value: 7.0pt) on input line 26.
Package microtype Info: Fixing zero \fontdimen 6 for font `U/MnSymbolA/m/n/5'
(microtype)             (new value: 5.0pt) on input line 26.
Package microtype Info: Fixing zero \fontdimen 6 for font `U/MnSymbolB/m/n/9'
(microtype)             (new value: 9.0pt) on input line 26.
Package microtype Info: Fixing zero \fontdimen 6 for font `U/MnSymbolB/m/n/7'
(microtype)             (new value: 7.0pt) on input line 26.
Package microtype Info: Fixing zero \fontdimen 6 for font `U/MnSymbolB/m/n/5'
(microtype)             (new value: 5.0pt) on input line 26.
Package microtype Info: Fixing zero \fontdimen 6 for font `U/MnSymbolC/m/n/9'
(microtype)             (new value: 9.0pt) on input line 26.
Package microtype Info: Fixing zero \fontdimen 6 for font `U/MnSymbolC/m/n/7'
(microtype)             (new value: 7.0pt) on input line 26.
Package microtype Info: Fixing zero \fontdimen 6 for font `U/MnSymbolC/m/n/5'
(microtype)             (new value: 5.0pt) on input line 26.
Package microtype Info: Fixing zero \fontdimen 6 for font `U/MnSymbolD/m/n/9'
(microtype)             (new value: 9.0pt) on input line 26.
Package microtype Info: Fixing zero \fontdimen 6 for font `U/MnSymbolD/m/n/7'
(microtype)             (new value: 7.0pt) on input line 26.
Package microtype Info: Fixing zero \fontdimen 6 for font `U/MnSymbolD/m/n/5'
(microtype)             (new value: 5.0pt) on input line 26.
LaTeX Font Info:    Font shape `T1/SourceSansPro-TLF/m/n' aliased to
(Font)              `T1/SourceSansPro-TLF/regular/n' on input line 26.
LaTeX Font Info:    Font shape `T1/SourceSansPro-TLF/regular/n' will be
(Font)              scaled to size 7.0pt on input line 26.
LaTeX Font Info:    Font shape `T1/SourceSansPro-TLF/m/n' aliased to
(Font)              `T1/SourceSansPro-TLF/regular/n' on input line 26.
LaTeX Font Info:    Font shape `T1/SourceSansPro-TLF/regular/n' will be
(Font)              scaled to size 5.0pt on input line 26.
LaTeX Font Info:    Font shape `T1/SourceSansPro-TLF/m/it' aliased to
(Font)              `T1/SourceSansPro-TLF/regular/it' on input line 26.
LaTeX Font Info:    Font shape `T1/SourceSansPro-TLF/regular/it' will be
(Font)              scaled to size 9.0pt on input line 26.
LaTeX Font Info:    Font shape `T1/SourceSansPro-TLF/m/it' aliased to
(Font)              `T1/SourceSansPro-TLF/regular/it' on input line 26.
LaTeX Font Info:    Font shape `T1/SourceSansPro-TLF/regular/it' will be
(Font)              scaled to size 7.0pt on input line 26.
LaTeX Font Info:    Font shape `T1/SourceSansPro-TLF/m/it' aliased to
(Font)              `T1/SourceSansPro-TLF/regular/it' on input line 26.
LaTeX Font Info:    Font shape `T1/SourceSansPro-TLF/regular/it' will be
(Font)              scaled to size 5.0pt on input line 26.
LaTeX Font Info:    Trying to load font information for U+zeur on input line 26.
 (c:/texlive/2024/texmf-dist/tex/latex/eulervm/uzeur.fd
File: uzeur.fd 2005/01/11 v4.0 (WaS)
) (c:/texlive/2024/texmf-dist/tex/latex/microtype/mt-eur.cfg
File: mt-eur.cfg 2006/07/31 v1.1 microtype config. file: AMS Euler Roman (RS)
)
LaTeX Font Info:    Font shape `T1/SourceSansPro-TLF/m/n' aliased to
(Font)              `T1/SourceSansPro-TLF/regular/n' on input line 26.
LaTeX Font Info:    Font shape `T1/SourceSansPro-TLF/regular/n' will be
(Font)              scaled to size 8.0pt on input line 26.


LaTeX Font Info:    Font shape `T1/SourceSansPro-TLF/m/n' aliased to
(Font)              `T1/SourceSansPro-TLF/regular/n' on input line 26.
LaTeX Font Info:    Font shape `T1/SourceSansPro-TLF/regular/n' will be
(Font)              scaled to size 4.0pt on input line 26.
[1

{c:/texlive/2024/texmf-var/fonts/map/pdftex/updmap/pdftex.map}{c:/texlive/2024/texmf-dist/fonts/enc/dvips/sourcesanspro/a_4jropk.enc}{c:/texlive/2024/texmf-dist/fonts/enc/dvips/sourcesanspro/a_emkxm5.enc}{c:/texlive/2024/texmf-dist/fonts/enc/dvips/sourcecodepro/a_lutrty.enc}]
LaTeX Font Info:    Trying to load font information for TS1+SourceSansPro-TLF on input line 38.
 (c:/texlive/2024/texmf-dist/tex/latex/sourcesanspro/TS1SourceSansPro-TLF.fd
File: TS1SourceSansPro-TLF.fd 2020/01/19 (autoinst) Font definitions for TS1/SourceSansPro-TLF.
)
LaTeX Font Info:    Font shape `TS1/SourceSansPro-TLF/m/n' aliased to
(Font)              `TS1/SourceSansPro-TLF/regular/n' on input line 38.
LaTeX Font Info:    Font shape `TS1/SourceSansPro-TLF/regular/n' will be
(Font)              scaled to size 10.95pt on input line 38.
Package microtype Info: Loading generic protrusion settings for font family
(microtype)             `SourceSansPro-TLF' (encoding: TS1).
(microtype)             For optimal results, create family-specific settings.
(microtype)             See the microtype manual for details.
LaTeX Font Info:    Font shape `T1/SourceSansPro-TLF/m/n' aliased to
(Font)              `T1/SourceSansPro-TLF/regular/n' on input line 38.
LaTeX Font Info:    Font shape `T1/SourceSansPro-TLF/regular/n' will be
(Font)              scaled to size 14.4pt on input line 38.
LaTeX Font Info:    Font shape `T1/SourceSansPro-TLF/m/sc' aliased to
(Font)              `T1/SourceSansPro-TLF/regular/sc' on input line 38.
LaTeX Font Info:    Font shape `T1/SourceSansPro-TLF/regular/sc' will be
(Font)              scaled to size 14.4pt on input line 38.


[2

{c:/texlive/2024/texmf-dist/fonts/enc/dvips/sourcesanspro/a_5ponh6.enc}]
LaTeX Font Info:    Font shape `T1/SourceSansPro-TLF/m/it' aliased to
(Font)              `T1/SourceSansPro-TLF/regular/it' on input line 47.
LaTeX Font Info:    Font shape `T1/SourceSansPro-TLF/regular/it' will be
(Font)              scaled to size 10.95pt on input line 47.
LaTeX Font Info:    Font shape `T1/SourceSansPro-TLF/b/n' aliased to
(Font)              `T1/SourceSansPro-TLF/bold/n' on input line 47.
LaTeX Font Info:    Font shape `T1/SourceSansPro-TLF/bold/n' will be
(Font)              scaled to size 10.95pt on input line 47.
LaTeX Font Info:    Font shape `T1/SourceSansPro-TLF/sb/n' aliased to
(Font)              `T1/SourceSansPro-TLF/semibold/n' on input line 47.
LaTeX Font Info:    Font shape `T1/SourceSansPro-TLF/semibold/n' will be
(Font)              scaled to size 10.95pt on input line 47.


[3

]

[4

]

[5

]

[6

]

[7

]

[8

]

[9

]
LaTeX Font Info:    Font shape `T1/SourceSansPro-TLF/m/n' aliased to
(Font)              `T1/SourceSansPro-TLF/regular/n' on input line 123.
LaTeX Font Info:    Font shape `T1/SourceSansPro-TLF/regular/n' will be
(Font)              scaled to size 17.28pt on input line 123.
LaTeX Font Info:    Font shape `T1/SourceSansPro-TLF/m/sc' aliased to
(Font)              `T1/SourceSansPro-TLF/regular/sc' on input line 123.
LaTeX Font Info:    Font shape `T1/SourceSansPro-TLF/regular/sc' will be
(Font)              scaled to size 17.28pt on input line 123.


[10

]

[11

]
Package microtype Info: Fixing zero \fontdimen 6 for font `OMX/MnSymbolE/m/n/10.95'
(microtype)             (new value: 10.95pt) on input line 154.
Package microtype Info: Fixing zero \fontdimen 6 for font `U/MnSymbolA/m/n/10.95'
(microtype)             (new value: 10.95pt) on input line 154.
Package microtype Info: Fixing zero \fontdimen 6 for font `U/MnSymbolB/m/n/10.95'
(microtype)             (new value: 10.95pt) on input line 154.
Package microtype Info: Fixing zero \fontdimen 6 for font `U/MnSymbolC/m/n/10.95'
(microtype)             (new value: 10.95pt) on input line 154.
Package microtype Info: Fixing zero \fontdimen 6 for font `U/MnSymbolD/m/n/10.95'
(microtype)             (new value: 10.95pt) on input line 154.
LaTeX Font Info:    Font shape `U/futm/m/n' will be
(Font)              scaled to size 10.95pt on input line 154.
LaTeX Font Info:    Font shape `U/futm/m/n' will be
(Font)              scaled to size 9.0pt on input line 154.
LaTeX Font Info:    Font shape `U/futm/m/n' will be
(Font)              scaled to size 7.0pt on input line 154.
LaTeX Font Info:    Freeze math alphabet allocation in version normal.
(Font)              Allocated math groups: 14 (local: 2) on input line 154.
LaTeX Font Info:    Font shape `U/eus/m/n' will be
(Font)              scaled to size 10.95pt on input line 154.
 (c:/texlive/2024/texmf-dist/tex/latex/microtype/mt-eus.cfg
File: mt-eus.cfg 2006/07/28 v1.2 microtype config. file: AMS Euler Script (RS)
)
LaTeX Font Info:    Font shape `U/eus/m/n' will be
(Font)              scaled to size 9.0pt on input line 154.
LaTeX Font Info:    Font shape `U/eus/m/n' will be
(Font)              scaled to size 7.0pt on input line 154.
LaTeX Font Info:    Undo math alphabet allocation in version normal on input line 154.
LaTeX Font Info:    No math alphabet change to frozen version normal on input line 154.
LaTeX Font Info:    Undo math alphabet allocation in version normal on input line 154.
LaTeX Font Info:    No math alphabet change to frozen version normal on input line 154.
LaTeX Font Info:    No math alphabet change to frozen version normal on input line 154.
LaTeX Font Info:    No math alphabet change to frozen version normal on input line 154.
LaTeX Font Info:    No math alphabet change to frozen version normal on input line 154.
LaTeX Font Info:    No math alphabet change to frozen version normal on input line 154.
LaTeX Font Info:    No math alphabet change to frozen version normal on input line 154.
LaTeX Font Info:    No math alphabet change to frozen version normal on input line 154.
LaTeX Font Info:    No math alphabet change to frozen version normal on input line 154.


[12

{c:/texlive/2024/texmf-dist/fonts/enc/dvips/mnsymbol/MnSymbolE.enc}{c:/texlive/2024/texmf-dist/fonts/enc/dvips/mnsymbol/MnSymbolC.enc}{c:/texlive/2024/texmf-dist/fonts/enc/dvips/mnsymbol/MnSymbolD.enc}{c:/texlive/2024/texmf-dist/fonts/enc/dvips/mnsymbol/MnSymbolA.enc}{c:/texlive/2024/texmf-dist/fonts/enc/dvips/mnsymbol/MnSymbolF.enc}]
LaTeX Font Info:    Font shape `T1/SourceCodePro-TLF/m/n' will be
(Font)              scaled to size 10.95pt on input line 174.
LaTeX Font Info:    No math alphabet change to frozen version normal on input line 174.
LaTeX Font Info:    No math alphabet change to frozen version normal on input line 174.
LaTeX Font Info:    No math alphabet change to frozen version normal on input line 174.
LaTeX Font Info:    No math alphabet change to frozen version normal on input line 174.
LaTeX Font Info:    No math alphabet change to frozen version normal on input line 174.
LaTeX Font Info:    No math alphabet change to frozen version normal on input line 174.


[13

]
Package microtype Info: Fixing zero \fontdimen 6 for font `OMX/MnSymbolE/b/n/10.95'
(microtype)             (new value: 10.95pt) on input line 186.
Package microtype Info: Fixing zero \fontdimen 6 for font `OMX/MnSymbolE/b/n/9'
(microtype)             (new value: 9.0pt) on input line 186.
Package microtype Info: Fixing zero \fontdimen 6 for font `OMX/MnSymbolE/b/n/7'
(microtype)             (new value: 7.0pt) on input line 186.
Package microtype Info: Fixing zero \fontdimen 6 for font `U/MnSymbolA/b/n/10.95'
(microtype)             (new value: 10.95pt) on input line 186.
Package microtype Info: Fixing zero \fontdimen 6 for font `U/MnSymbolA/b/n/9'
(microtype)             (new value: 9.0pt) on input line 186.
Package microtype Info: Fixing zero \fontdimen 6 for font `U/MnSymbolA/b/n/7'
(microtype)             (new value: 7.0pt) on input line 186.
Package microtype Info: Fixing zero \fontdimen 6 for font `U/MnSymbolB/b/n/10.95'
(microtype)             (new value: 10.95pt) on input line 186.
Package microtype Info: Fixing zero \fontdimen 6 for font `U/MnSymbolB/b/n/9'
(microtype)             (new value: 9.0pt) on input line 186.
Package microtype Info: Fixing zero \fontdimen 6 for font `U/MnSymbolB/b/n/7'
(microtype)             (new value: 7.0pt) on input line 186.
Package microtype Info: Fixing zero \fontdimen 6 for font `U/MnSymbolC/b/n/10.95'
(microtype)             (new value: 10.95pt) on input line 186.
Package microtype Info: Fixing zero \fontdimen 6 for font `U/MnSymbolC/b/n/9'
(microtype)             (new value: 9.0pt) on input line 186.
Package microtype Info: Fixing zero \fontdimen 6 for font `U/MnSymbolC/b/n/7'
(microtype)             (new value: 7.0pt) on input line 186.
Package microtype Info: Fixing zero \fontdimen 6 for font `U/MnSymbolD/b/n/10.95'
(microtype)             (new value: 10.95pt) on input line 186.
Package microtype Info: Fixing zero \fontdimen 6 for font `U/MnSymbolD/b/n/9'
(microtype)             (new value: 9.0pt) on input line 186.
Package microtype Info: Fixing zero \fontdimen 6 for font `U/MnSymbolD/b/n/7'
(microtype)             (new value: 7.0pt) on input line 186.
LaTeX Font Info:    Font shape `T1/SourceSansPro-TLF/b/n' aliased to
(Font)              `T1/SourceSansPro-TLF/bold/n' on input line 186.
LaTeX Font Info:    Font shape `T1/SourceSansPro-TLF/bold/n' will be
(Font)              scaled to size 9.0pt on input line 186.
LaTeX Font Info:    Font shape `T1/SourceSansPro-TLF/b/n' aliased to
(Font)              `T1/SourceSansPro-TLF/bold/n' on input line 186.
LaTeX Font Info:    Font shape `T1/SourceSansPro-TLF/bold/n' will be
(Font)              scaled to size 7.0pt on input line 186.
LaTeX Font Info:    Font shape `T1/SourceSansPro-TLF/b/it' aliased to
(Font)              `T1/SourceSansPro-TLF/bold/it' on input line 186.
LaTeX Font Info:    Font shape `T1/SourceSansPro-TLF/bold/it' will be
(Font)              scaled to size 10.95pt on input line 186.
LaTeX Font Info:    Font shape `T1/SourceSansPro-TLF/b/it' aliased to
(Font)              `T1/SourceSansPro-TLF/bold/it' on input line 186.
LaTeX Font Info:    Font shape `T1/SourceSansPro-TLF/bold/it' will be
(Font)              scaled to size 9.0pt on input line 186.
LaTeX Font Info:    Font shape `T1/SourceSansPro-TLF/b/it' aliased to
(Font)              `T1/SourceSansPro-TLF/bold/it' on input line 186.
LaTeX Font Info:    Font shape `T1/SourceSansPro-TLF/bold/it' will be
(Font)              scaled to size 7.0pt on input line 186.
LaTeX Font Info:    No math alphabet change to frozen version normal on input line 186.
LaTeX Font Info:    No math alphabet change to frozen version normal on input line 186.
LaTeX Font Info:    No math alphabet change to frozen version normal on input line 186.
LaTeX Font Info:    No math alphabet change to frozen version normal on input line 186.
LaTeX Font Info:    No math alphabet change to frozen version normal on input line 186.
LaTeX Font Info:    No math alphabet change to frozen version normal on input line 186.
LaTeX Font Info:    No math alphabet change to frozen version normal on input line 186.
LaTeX Font Info:    No math alphabet change to frozen version normal on input line 186.
LaTeX Font Info:    No math alphabet change to frozen version normal on input line 186.
LaTeX Font Info:    No math alphabet change to frozen version normal on input line 186.
LaTeX Font Info:    No math alphabet change to frozen version normal on input line 186.
LaTeX Font Info:    No math alphabet change to frozen version normal on input line 186.
LaTeX Font Info:    No math alphabet change to frozen version normal on input line 186.
LaTeX Font Info:    No math alphabet change to frozen version normal on input line 186.
LaTeX Font Info:    No math alphabet change to frozen version normal on input line 186.
LaTeX Font Info:    No math alphabet change to frozen version normal on input line 186.
LaTeX Font Info:    No math alphabet change to frozen version normal on input line 186.
LaTeX Font Info:    No math alphabet change to frozen version normal on input line 186.
LaTeX Font Info:    No math alphabet change to frozen version normal on input line 186.
LaTeX Font Info:    No math alphabet change to frozen version normal on input line 186.
LaTeX Font Info:    No math alphabet change to frozen version normal on input line 186.
LaTeX Font Info:    No math alphabet change to frozen version normal on input line 186.
LaTeX Font Info:    No math alphabet change to frozen version normal on input line 186.
LaTeX Font Info:    No math alphabet change to frozen version normal on input line 186.
LaTeX Font Info:    No math alphabet change to frozen version normal on input line 186.
LaTeX Font Info:    No math alphabet change to frozen version normal on input line 186.
LaTeX Font Info:    No math alphabet change to frozen version normal on input line 186.
LaTeX Font Info:    No math alphabet change to frozen version normal on input line 186.
LaTeX Font Info:    No math alphabet change to frozen version normal on input line 186.
LaTeX Font Info:    No math alphabet change to frozen version normal on input line 186.
LaTeX Font Info:    No math alphabet change to frozen version normal on input line 186.
LaTeX Font Info:    No math alphabet change to frozen version normal on input line 186.
LaTeX Font Info:    No math alphabet change to frozen version normal on input line 186.
LaTeX Font Info:    No math alphabet change to frozen version normal on input line 186.
LaTeX Font Info:    No math alphabet change to frozen version normal on input line 186.
LaTeX Font Info:    No math alphabet change to frozen version normal on input line 186.
LaTeX Font Info:    No math alphabet change to frozen version normal on input line 186.
LaTeX Font Info:    No math alphabet change to frozen version normal on input line 186.
LaTeX Font Info:    No math alphabet change to frozen version normal on input line 186.
LaTeX Font Info:    No math alphabet change to frozen version normal on input line 186.
LaTeX Font Info:    No math alphabet change to frozen version normal on input line 186.
LaTeX Font Info:    No math alphabet change to frozen version normal on input line 186.
LaTeX Font Info:    No math alphabet change to frozen version normal on input line 186.
LaTeX Font Info:    No math alphabet change to frozen version normal on input line 186.
LaTeX Font Info:    No math alphabet change to frozen version normal on input line 186.
LaTeX Font Info:    No math alphabet change to frozen version normal on input line 186.
LaTeX Font Info:    No math alphabet change to frozen version normal on input line 186.
LaTeX Font Info:    No math alphabet change to frozen version normal on input line 186.
LaTeX Font Info:    No math alphabet change to frozen version normal on input line 186.
LaTeX Font Info:    No math alphabet change to frozen version normal on input line 186.
LaTeX Font Info:    No math alphabet change to frozen version normal on input line 186.
LaTeX Font Info:    Font shape `U/eus/b/n' will be
(Font)              scaled to size 10.95pt on input line 186.
LaTeX Font Info:    Font shape `U/eus/b/n' will be
(Font)              scaled to size 9.0pt on input line 186.
LaTeX Font Info:    Font shape `U/eus/b/n' will be
(Font)              scaled to size 7.0pt on input line 186.
LaTeX Font Info:    No math alphabet change to frozen version normal on input line 186.
LaTeX Font Info:    No math alphabet change to frozen version normal on input line 186.
LaTeX Font Info:    No math alphabet change to frozen version normal on input line 186.
LaTeX Font Info:    No math alphabet change to frozen version normal on input line 186.
LaTeX Font Info:    No math alphabet change to frozen version normal on input line 186.
LaTeX Font Info:    No math alphabet change to frozen version normal on input line 186.
LaTeX Font Info:    No math alphabet change to frozen version normal on input line 186.
LaTeX Font Info:    No math alphabet change to frozen version normal on input line 186.
LaTeX Font Info:    No math alphabet change to frozen version normal on input line 186.
LaTeX Font Info:    No math alphabet change to frozen version normal on input line 186.
LaTeX Font Info:    No math alphabet change to frozen version normal on input line 186.
LaTeX Font Info:    No math alphabet change to frozen version normal on input line 186.
LaTeX Font Info:    No math alphabet change to frozen version normal on input line 186.
LaTeX Font Info:    No math alphabet change to frozen version normal on input line 186.
LaTeX Font Info:    No math alphabet change to frozen version normal on input line 186.
LaTeX Font Info:    No math alphabet change to frozen version normal on input line 186.
LaTeX Font Info:    No math alphabet change to frozen version normal on input line 186.


[14

]
LaTeX Font Info:    No math alphabet change to frozen version normal on input line 186.
LaTeX Font Info:    No math alphabet change to frozen version normal on input line 186.
LaTeX Font Info:    No math alphabet change to frozen version normal on input line 186.
LaTeX Font Info:    No math alphabet change to frozen version normal on input line 186.
LaTeX Font Info:    No math alphabet change to frozen version normal on input line 186.
LaTeX Font Info:    No math alphabet change to frozen version normal on input line 186.
LaTeX Font Info:    No math alphabet change to frozen version normal on input line 186.
LaTeX Font Info:    No math alphabet change to frozen version normal on input line 186.
LaTeX Font Info:    No math alphabet change to frozen version normal on input line 186.
LaTeX Font Info:    No math alphabet change to frozen version normal on input line 186.
LaTeX Font Info:    No math alphabet change to frozen version normal on input line 186.
LaTeX Font Info:    No math alphabet change to frozen version normal on input line 186.
LaTeX Font Info:    No math alphabet change to frozen version normal on input line 186.
LaTeX Font Info:    No math alphabet change to frozen version normal on input line 186.
LaTeX Font Info:    No math alphabet change to frozen version normal on input line 186.
LaTeX Font Info:    No math alphabet change to frozen version normal on input line 186.
LaTeX Font Info:    No math alphabet change to frozen version normal on input line 186.
LaTeX Font Info:    No math alphabet change to frozen version normal on input line 186.
LaTeX Font Info:    No math alphabet change to frozen version normal on input line 186.
LaTeX Font Info:    No math alphabet change to frozen version normal on input line 186.
LaTeX Font Info:    No math alphabet change to frozen version normal on input line 186.
LaTeX Font Info:    No math alphabet change to frozen version normal on input line 186.
LaTeX Font Info:    No math alphabet change to frozen version normal on input line 186.
LaTeX Font Info:    No math alphabet change to frozen version normal on input line 186.
LaTeX Font Info:    No math alphabet change to frozen version normal on input line 186.
LaTeX Font Info:    No math alphabet change to frozen version normal on input line 186.
LaTeX Font Info:    No math alphabet change to frozen version normal on input line 186.
LaTeX Font Info:    No math alphabet change to frozen version normal on input line 186.
LaTeX Font Info:    No math alphabet change to frozen version normal on input line 186.
LaTeX Font Info:    No math alphabet change to frozen version normal on input line 186.
LaTeX Font Info:    No math alphabet change to frozen version normal on input line 186.
LaTeX Font Info:    No math alphabet change to frozen version normal on input line 186.
LaTeX Font Info:    No math alphabet change to frozen version normal on input line 186.
LaTeX Font Info:    No math alphabet change to frozen version normal on input line 186.
LaTeX Font Info:    No math alphabet change to frozen version normal on input line 186.
LaTeX Font Info:    No math alphabet change to frozen version normal on input line 186.
LaTeX Font Info:    No math alphabet change to frozen version normal on input line 186.
LaTeX Font Info:    No math alphabet change to frozen version normal on input line 186.
LaTeX Font Info:    No math alphabet change to frozen version normal on input line 186.
LaTeX Font Info:    No math alphabet change to frozen version normal on input line 186.
LaTeX Font Info:    No math alphabet change to frozen version normal on input line 186.
LaTeX Font Info:    No math alphabet change to frozen version normal on input line 186.
LaTeX Font Info:    No math alphabet change to frozen version normal on input line 186.
LaTeX Font Info:    No math alphabet change to frozen version normal on input line 186.
LaTeX Font Info:    No math alphabet change to frozen version normal on input line 186.
LaTeX Font Info:    No math alphabet change to frozen version normal on input line 186.
LaTeX Font Info:    No math alphabet change to frozen version normal on input line 186.
LaTeX Font Info:    No math alphabet change to frozen version normal on input line 186.
LaTeX Font Info:    No math alphabet change to frozen version normal on input line 186.
LaTeX Font Info:    No math alphabet change to frozen version normal on input line 186.
LaTeX Font Info:    No math alphabet change to frozen version normal on input line 186.
LaTeX Font Info:    No math alphabet change to frozen version normal on input line 186.
LaTeX Font Info:    No math alphabet change to frozen version normal on input line 186.
LaTeX Font Info:    No math alphabet change to frozen version normal on input line 186.
LaTeX Font Info:    No math alphabet change to frozen version normal on input line 186.
LaTeX Font Info:    No math alphabet change to frozen version normal on input line 186.
LaTeX Font Info:    No math alphabet change to frozen version normal on input line 186.
LaTeX Font Info:    No math alphabet change to frozen version normal on input line 186.
LaTeX Font Info:    No math alphabet change to frozen version normal on input line 186.
LaTeX Font Info:    No math alphabet change to frozen version normal on input line 186.
LaTeX Font Info:    No math alphabet change to frozen version normal on input line 186.
LaTeX Font Info:    No math alphabet change to frozen version normal on input line 186.
LaTeX Font Info:    No math alphabet change to frozen version normal on input line 186.
LaTeX Font Info:    No math alphabet change to frozen version normal on input line 186.
LaTeX Font Info:    No math alphabet change to frozen version normal on input line 186.
LaTeX Font Info:    No math alphabet change to frozen version normal on input line 186.
LaTeX Font Info:    No math alphabet change to frozen version normal on input line 186.
LaTeX Font Info:    No math alphabet change to frozen version normal on input line 186.


[15

]

[16

]
<figures.pdf, id=120, page=4, 1027.84pt x 770.88pt>
File: figures.pdf Graphic file (type pdf)
<use figures.pdf, page 4>
Package pdftex.def Info: figures.pdf , page4 used on input line 195.
(pdftex.def)             Requested size: 282.64903pt x 211.98677pt.


[17

 <./figures.pdf>]
<figures.pdf, id=155, page=1, 1027.84pt x 770.88pt>
File: figures.pdf Graphic file (type pdf)
<use figures.pdf, page 1>
Package pdftex.def Info: figures.pdf , page1 used on input line 203.
(pdftex.def)             Requested size: 282.64903pt x 211.98677pt.


[18

 <./figures.pdf>]
<figures.pdf, id=176, page=2, 1027.84pt x 770.88pt>
File: figures.pdf Graphic file (type pdf)
<use figures.pdf, page 2>
Package pdftex.def Info: figures.pdf , page2 used on input line 203.
(pdftex.def)             Requested size: 282.64903pt x 211.98677pt.


[19

 <./figures.pdf>]
<figures.pdf, id=199, page=3, 1027.84pt x 770.88pt>
File: figures.pdf Graphic file (type pdf)
<use figures.pdf, page 3>
Package pdftex.def Info: figures.pdf , page3 used on input line 203.
(pdftex.def)             Requested size: 282.64903pt x 211.98677pt.


[20

 <./figures.pdf>]
<figures.pdf, id=221, page=5, 1027.84pt x 770.88pt>
File: figures.pdf Graphic file (type pdf)
<use figures.pdf, page 5>
Package pdftex.def Info: figures.pdf , page5 used on input line 203.
(pdftex.def)             Requested size: 282.64903pt x 211.98677pt.


[21

 <./figures.pdf>]

[22

]
LaTeX Font Info:    No math alphabet change to frozen version normal on input line 226.


[23

]
LaTeX Font Info:    No math alphabet change to frozen version normal on input line 226.


[24

]
LaTeX Font Info:    No math alphabet change to frozen version normal on input line 226.


[25

]

[26

]
LaTeX Font Info:    Undo math alphabet allocation in version normal on input line 243.


[27

]
LaTeX Font Info:    No math alphabet change to frozen version normal on input line 258.
LaTeX Font Info:    No math alphabet change to frozen version normal on input line 258.
LaTeX Font Info:    No math alphabet change to frozen version normal on input line 258.
LaTeX Font Info:    No math alphabet change to frozen version normal on input line 258.


[28

]
LaTeX Font Info:    Undo math alphabet allocation in version normal on input line 274.
LaTeX Font Info:    No math alphabet change to frozen version normal on input line 274.


[29

]
LaTeX Font Info:    No math alphabet change to frozen version normal on input line 290.
LaTeX Font Info:    No math alphabet change to frozen version normal on input line 290.


[30

]

[31

]

[32

]

[33

]

[34


]

[35


]
LaTeX Font Info:    No math alphabet change to frozen version normal on input line 350.
LaTeX Font Info:    No math alphabet change to frozen version normal on input line 350.
LaTeX Font Info:    No math alphabet change to frozen version normal on input line 350.
LaTeX Font Info:    No math alphabet change to frozen version normal on input line 350.


[36

]

[37

]

[38

]

[39

]
\tf@nav=\write6
\openout6 = `presentation.nav'.

\tf@toc=\write7
\openout7 = `presentation.toc'.

\tf@snm=\write8
\openout8 = `presentation.snm'.

 (./presentation.aux)
 ***********
LaTeX2e <2024-11-01> patch level 1
L3 programming layer <2024-11-02>
 ***********
Package rerunfilecheck Info: File `presentation.out' has not changed.
(rerunfilecheck)             Checksum: D41D8CD98F00B204E9800998ECF8427E;0.
 ) 
Here is how much of TeX's memory you used:
 30856 strings out of 473330
 579307 string characters out of 5723877
 911861 words of memory out of 5000000
 53036 multiletter control sequences out of 15000+600000
 831633 words of font info for 266 fonts, out of 8000000 for 9000
 1141 hyphenation exceptions out of 8191
 128i,11n,131p,1060b,878s stack positions out of 10000i,1000n,20000p,200000b,200000s
<c:/texlive/2024/texmf-dist/fonts/type1/public/mnsymbol/MnSymbol10.pfb><c:/texlive/2024/texmf-dist/fonts/type1/public/mnsymbol/MnSymbol9.pfb><c:/texlive/2024/texmf-dist/fonts/type1/adobe/sourcecodepro/SourceCodePro-Regular.pfb><c:/texlive/2024/texmf-dist/fonts/type1/adobe/sourcesanspro/SourceSansPro-Bold.pfb><c:/texlive/2024/texmf-dist/fonts/type1/adobe/sourcesanspro/SourceSansPro-BoldIt.pfb><c:/texlive/2024/texmf-dist/fonts/type1/adobe/sourcesanspro/SourceSansPro-It.pfb><c:/texlive/2024/texmf-dist/fonts/type1/adobe/sourcesanspro/SourceSansPro-Regular.pfb><c:/texlive/2024/texmf-dist/fonts/type1/adobe/sourcesanspro/SourceSansPro-Semibold.pfb><c:/texlive/2024/texmf-dist/fonts/type1/public/amsfonts/cm/cmr10.pfb><c:/texlive/2024/texmf-dist/fonts/type1/public/amsfonts/euler/eurb10.pfb><c:/texlive/2024/texmf-dist/fonts/type1/public/amsfonts/euler/eurm10.pfb><c:/texlive/2024/texmf-dist/fonts/type1/public/amsfonts/euler/eusb10.pfb><c:/texlive/2024/texmf-dist/fonts/type1/public/amsfonts/euler/eusm10.pfb><c:/texlive/2024/texmf-dist/fonts/type1/public/fourier/fourier-bb.pfb><c:/texlive/2024/texmf-dist/fonts/type1/public/amsfonts/symbols/msam10.pfb>
Output written on presentation.pdf (39 pages, 731755 bytes).
PDF statistics:
 460 PDF objects out of 1000 (max. 8388607)
 340 compressed objects within 4 object streams
 85 named destinations out of 1000 (max. 500000)
 95306 words of extra memory for PDF output out of 106986 (max. 10000000)

